=~=~=~=~=~=~=~=~=~=~=~= PuTTY log 2025.01.22 19:17:14 =~=~=~=~=~=~=~=~=~=~=~=
3://V1_621.MPG
3://V1_300.MPG
3://V1_1730.MPG
Decoding 3://V1_621.MPG to VDMA
Decoder start. Num frames #621
Width 1280
Height 720
Num i frames 230
Payload Size 113133240
I frame index 0, position 20
I frame index 6, position 1220732
I frame index 7, position 1434028
I frame index 8, position 1636348
I frame index 9, position 1837012
I frame index 10, position 2033216
I frame index 11, position 2235160
I frame index 12, position 2434720
I frame index 16, position 3200168
I frame index 17, position 3404824
I frame index 18, position 3603160
I frame index 19, position 3795068
I frame index 20, position 3976652
I frame index 21, position 4159032
I frame index 22, position 4335496
I frame index 44, position 8008388
I frame index 45, position 8200888
I frame index 46, position 8392500
I frame index 47, position 8588120
I frame index 57, position 10379140
I frame index 76, position 13659376
I frame index 77, position 13853664
I frame index 78, position 14045168
I frame index 79, position 14232228
I frame index 80, position 14420024
I frame index 94, position 16839088
I frame index 95, position 17023036
I frame index 96, position 17209296
I frame index 97, position 17394808
I frame index 98, position 17581364
I frame index 122, position 21741316
I frame index 123, position 21927800
I frame index 124, position 22113024
I frame index 125, position 22294636
I frame index 130, position 23177932
I frame index 131, position 23357288
I frame index 132, position 23537592
I frame index 137, position 24385476
I frame index 138, position 24558608
I frame index 139, position 24719768
I frame index 140, position 24874972
I frame index 141, position 25029720
I frame index 142, position 25187952
I frame index 143, position 25345344
I frame index 144, position 25507308
I frame index 145, position 25670380
I frame index 146, position 25833116
I frame index 147, position 25997980
I frame index 148, position 26162332
I frame index 149, position 26323736
I frame index 150, position 26484872
I frame index 151, position 26643896
I frame index 152, position 26803636
I frame index 153, position 26962916
I frame index 154, position 27123328
I frame index 155, position 27286752
I frame index 161, position 28200660
I frame index 162, position 28372864
I frame index 163, position 28533360
I frame index 164, position 28678772
I frame index 165, position 28830548
I frame index 166, position 28985004
I frame index 167, position 29145032
I frame index 168, position 29308172
I frame index 169, position 29475612
I frame index 170, position 29646508
I frame index 171, position 29820692
I frame index 172, position 29994248
I frame index 173, position 30168216
I frame index 174, position 30339476
I frame index 175, position 30512196
I frame index 176, position 30686368
I frame index 177, position 30864740
I frame index 178, position 31048396
I frame index 179, position 31237076
I frame index 180, position 31429516
I frame index 181, position 31622244
I frame index 185, position 32413828
I frame index 186, position 32615300
I frame index 187, position 32817120
I frame index 188, position 33020200
I frame index 189, position 33222596
I frame index 190, position 33428064
I frame index 191, position 33625664
I frame index 192, position 33822444
I frame index 193, position 34020008
I frame index 194, position 34222224
I frame index 195, position 34423144
I frame index 210, position 37222096
I frame index 211, position 37422048
I frame index 212, position 37618852
I frame index 213, position 37805688
I frame index 214, position 37988588
I frame index 215, position 38169248
I frame index 216, position 38349900
I frame index 217, position 38531312
I frame index 218, position 38713776
I frame index 219, position 38903548
I frame index 220, position 39093200
I frame index 226, position 40256756
I frame index 229, position 40848360
I frame index 231, position 41240880
I frame index 255, position 45441456
I frame index 278, position 49598900
I frame index 286, position 51150380
I frame index 287, position 51367412
I frame index 288, position 51575688
I frame index 289, position 51778344
I frame index 290, position 51975504
I frame index 291, position 52174888
I frame index 292, position 52370860
I frame index 293, position 52563992
I frame index 294, position 52761720
I frame index 295, position 52962528
I frame index 310, position 55782792
I frame index 311, position 55988656
I frame index 312, position 56194804
I frame index 313, position 56399912
I frame index 314, position 56609528
I frame index 318, position 57414616
I frame index 319, position 57622848
I frame index 320, position 57823996
I frame index 321, position 58015356
I frame index 322, position 58191956
I frame index 323, position 58373420
I frame index 324, position 58538172
I frame index 325, position 58703768
I frame index 326, position 58874464
I frame index 327, position 59058484
I frame index 328, position 59250496
I frame index 329, position 59453460
I frame index 331, position 59861248
I frame index 334, position 60473004
I frame index 335, position 60683124
I frame index 339, position 61527800
I frame index 340, position 61737544
I frame index 341, position 61945288
I frame index 342, position 62153572
I frame index 343, position 62361760
I frame index 349, position 63599444
I frame index 350, position 63804560
I frame index 351, position 64006632
I frame index 352, position 64195984
I frame index 353, position 64384140
I frame index 354, position 64568868
I frame index 355, position 64753840
I frame index 356, position 64942204
I frame index 357, position 65130812
I frame index 359, position 65506264
I frame index 360, position 65698528
I frame index 361, position 65886152
I frame index 362, position 66071056
I frame index 363, position 66254036
I frame index 364, position 66439692
I frame index 365, position 66625224
I frame index 367, position 66999632
I frame index 372, position 67930608
I frame index 373, position 68120436
I frame index 374, position 68310380
I frame index 375, position 68493128
I frame index 376, position 68676944
I frame index 377, position 68857568
I frame index 395, position 72042636
I frame index 396, position 72242268
I frame index 397, position 72443448
I frame index 398, position 72644208
I frame index 402, position 73438464
I frame index 404, position 73829244
I frame index 405, position 74024060
I frame index 406, position 74215796
I frame index 407, position 74405376
I frame index 408, position 74596712
I frame index 409, position 74784576
I frame index 410, position 74975008
I frame index 411, position 75162456
I frame index 417, position 76303520
I frame index 418, position 76500024
I frame index 419, position 76689728
I frame index 420, position 76879444
I frame index 430, position 78651880
I frame index 431, position 78851428
I frame index 432, position 79046532
I frame index 433, position 79242364
I frame index 434, position 79439112
I frame index 435, position 79640072
I frame index 445, position 81569240
I frame index 446, position 81777648
I frame index 447, position 81987008
I frame index 448, position 82192872
I frame index 452, position 82990468
I frame index 453, position 83195720
I frame index 454, position 83398632
I frame index 455, position 83603236
I frame index 456, position 83803148
I frame index 457, position 84005180
I frame index 462, position 84902704
I frame index 463, position 85104392
I frame index 464, position 85298268
I frame index 465, position 85494680
I frame index 489, position 89310332
I frame index 513, position 93213224
I frame index 532, position 96492388
I frame index 533, position 96689444
I frame index 534, position 96879008
I frame index 535, position 97068576
I frame index 536, position 97257148
I frame index 537, position 97446592
I frame index 538, position 97633204
I frame index 558, position 101112080
I frame index 568, position 102923808
I frame index 569, position 103124564
I frame index 570, position 103322472
I frame index 575, position 104200676
I frame index
button 0 has been pressed!
Freed memory for file
Decoding 3://V1_300.MPG to VDMA
Decoder start. Num frames #300
Width 1280
Height 720
Num i frames 14
Payload Size 34450564
I frame index 0, position 20
I frame index 24, position 2076120
I frame index 48, position 4023560
I frame index 72, position 5862672
I frame index 96, position 8093644
I frame index 120, position 9755444
I frame index 144, position 11398072
I frame index 145, position 11511756
I frame index 169, position 15102336
I frame index 193, position 18698764
I frame index 217, position 22319468
I frame index 241, position 25797044
I frame index 265, position 29267460
I frame index 289, position 32758964
0, 16711968
button 0 has been pressed!
Freed memory for file
Decoding 3://V1_1730.MPG to VDMA
Decoder start. Num frames #1730
Width 1280
Height 720
Num i frames 88
Payload Size 189818808
I frame index 0, position 20
I frame index 24, position 1997540
I frame index 48, position 4073640
I frame index 72, position 6021080
I frame index 96, position 7860192
I frame index 120, position 10091164
I frame index 144, position 11752964
I frame index 168, position 13395592
I frame index 169, position 13509276
I frame index 193, position 17099856
I frame index 217, position 20696284
I frame index 241, position 24316988
I frame index 265, position 27794564
I frame index 289, position 31264980
I frame index 313, position 34756484
I frame index 337, position 38366208
I frame index 361, position 42008904
I frame index 385, position 45534680
I frame index 409, position 48786300
I frame index 433, position 52165964
I frame index 457, position 55602752
I frame index 481, position 59039512
I frame index 505, position 62405140
I frame index 529, position 65644280
I frame index 553, position 68748796
I frame index 577, position 71712144
I frame index 601, position 74492900
I frame index 625, position 77132744
I frame index 649, position 79572844
I frame index 673, position 81909144
I frame index 697, position 84751532
I frame index 721, position 87719548
I frame index 745, position 90416600
I frame index 761, position 91835528
I frame index 785, position 95363840
I frame index 809, position 100052212
I frame index 833, position 103781028
I frame index 857, position 106034356
I frame index 881, position 108165732
I frame index 905, position 110401332
I frame index 929, position 112796224
I frame index 953, position 115285024
I frame index 962, position 116227356
I frame index 986, position 117849404
I frame index 1010, position 119656680
I frame index 1034, position 121583372
I frame index 1058, position 123294976
I frame index 1072, position 124326612
I frame index 1096, position 126287812
I frame index 1120, position 128202848
I frame index 1144, position 130284920
I frame index 1147, position 130550528
I frame index 1171, position 132411504
I frame index 1195, position 134461808
I frame index 1219, position 136771844
I frame index 1243, position 138949592
I frame index 1267, position 141117684
I frame index 1282, position 142726808
I frame index 1306, position 144422796
I frame index 1327, position 145916564
I frame index 1351, position 147652336
I frame index 1375, position 149399000
I frame index 1379, position 149767592
I frame index 1403, position 151903040
I frame index 1427, position 154463340
I frame index 1429, position 154673332
I frame index 1453, position 158055396
I frame index 1474, position 161979228
I frame index 1482, position 163533952
I frame index 1484, position 163918804
I frame index 1508, position 168197848
I frame index 1532, position 171702948
I frame index 1535, position 172090508
I frame index 1547, position 173573544
I frame index 1548, position 173704244
I frame index 1552, position 174228840
I frame index 1553, position 174361012
I frame index 1554, position 174493504
I frame index 1555, position 174626144
I frame index 1556, position 174759340
I frame index 1557, position 174892164
I frame index 1581, position 177807168
I frame index 1605, position 180303100
I frame index 1629, position 182210724
I frame index 1653, position 183905688
I frame index 1677, position 185610180
I frame index 1701, position 187490328
I frame index 1725, position 189405692
0, 16706976
button 1 has been pressed!
Video Play
1, 16669552
button 1 has been pressed!
Video Paused
button 1 has been pressed!
Video Play
1, 16671572
1, 16670396
1, 16670076
1, 16670132
1, 16670744
1, 16671020
1, 16672984
1, 16676120
1, 16675812
1, 16674372
1, 16675948
1, 16675324
1, 16674244
1, 16672476
1, 16670700
1, 16669240
1, 16668740
1, 16668284
1, 16668304
1, 16667908
1, 16667660
1, 16667512
0, 16712560
1, 16666740
1, 16666308
1, 16667204
1, 16666560
1, 16666500
1, 16666692
1, 16675500
1, 16676312
1, 16674380
1, 16672804
1, 16676040
1, 16677464
1, 16678832
1, 16680204
1, 16677948
1, 16677420
1, 16679852
1, 16678904
1, 16673192
1, 16670504
1, 16678604
1, 16681900
1, 16682252
0, 16708500
1, 16681652
1, 16678160
1, 16674028
1, 16669444
1, 16669784
1, 16669448
1, 16668156
1, 16666700
1, 16667348
1, 16667100
1, 16667228
1, 16668328
1, 16668580
1, 16669036
1, 16669020
1, 16667888
1, 16667392
1, 16667740
1, 16667168
1, 16666180
1, 16665644
1, 16665504
1, 16665988
0, 16707160
1, 16664680
1, 16661580
1, 16658364
1, 16658844
1, 16659576
1, 16660080
1, 16660520
1, 16660788
1, 16660280
1, 16660220
1, 16659608
1, 16662444
1, 16662972
1, 16660912
1, 16662496
1, 16663216
1, 16663880
1, 16663752
1, 16664824
1, 16672252
1, 16676884
1, 16680580
1, 16681776
0, 16712848
1, 16674828
1, 16672712
1, 16676348
1, 16676648
1, 16674856
1, 16675844
1, 16678452
1, 16680760
1, 16681156
1, 16688580
1, 16692072
1, 16689056
1, 16694984
1, 16690484
1, 16689672
1, 16688620
1, 16687456
1, 16685400
1, 16685084
1, 16687228
1, 16673608
1, 16662796
1, 16660056
0, 16703260
1, 16658828
1, 16657900
1, 16657176
1, 16656712
1, 16656744
1, 16657088
1, 16657404
1, 16657376
1, 16656932
1, 16657000
1, 16656464
1, 16656208
1, 16656528
1, 16656496
1, 16656588
1, 16656764
1, 16656940
1, 16656792
1, 16656396
1, 16656120
1, 16656000
1, 16656172
1, 16656488
0, 16703600
1, 16656944
1, 16656884
1, 16656464
1, 16656088
1, 16655700
1, 16655220
1, 16655312
1, 16656040
1, 16656444
1, 16656552
1, 16656648
1, 16656676
1, 16656552
1, 16656368
1, 16655904
1, 16655536
1, 16655428
1, 16655720
1, 16655532
1, 16655400
1, 16655160
1, 16655528
1, 16655504
0, 16703208
0, 16838104
1, 16734544
1, 16734768
1, 16735460
1, 16733880
1, 16734864
1, 16734548
1, 16748280
1, 16723960
1, 16746412
1, 16723544
1, 16745352
1, 16723668
1, 16745236
1, 16723768
1, 16744740
1, 16731832
1, 16729880
1, 16743660
1, 16725812
1, 16733236
1, 16734148
1, 16743488
1, 16725972
0, 16839296
1, 16732632
1, 16732500
1, 16734024
1, 16734020
1, 16733580
1, 16735008
1, 16734640
1, 16734312
1, 16734728
1, 16735104
1, 16746876
1, 16725652
1, 16737196
1, 16732504
1, 16733708
1, 16734624
1, 16736076
1, 16735040
1, 16735596
1, 16736684
1, 16736532
1, 16737004
1, 16737668
0, 16837904
1, 16737504
1, 16738472
1, 16736844
1, 16738172
1, 16738140
1, 16737012
1, 16737752
1, 16748756
1, 16728456
1, 16737864
1, 16733792
1, 16734404
1, 16735612
1, 16746524
1, 16726772
1, 16735080
1, 16731164
1, 16743960
1, 16732732
1, 16727528
1, 16733340
1, 16730484
1, 16741012
0, 16828244
1, 16739532
1, 16722208
1, 16758428
1, 16725272
1, 16732504
1, 16722196
1, 16736756
1, 16720964
1, 16729764
1, 16726500
1, 16729428
1, 16727624
1, 16729712
1, 16728876
1, 16730616
1, 16728784
1, 16730500
1, 16728924
1, 16729760
1, 16728916
1, 16731076
1, 16729520
1, 16730048
0, 16826340
1, 16730336
1, 16729728
1, 16730600
1, 16729692
1, 16730736
1, 16729244
1, 16730596
1, 16729352
1, 16731360
1, 16730288
1, 16730332
1, 16729280
1, 16731120
1, 16729396
1, 16730744
1, 16729888
1, 16730796
1, 16729088
1, 16730876
1, 16728364
1, 16731208
1, 16728964
1, 16730664
0, 16826988
1, 16730012
1, 16729160
1, 16730372
1, 16730080
1, 16730568
1, 16729148
1, 16731312
1, 16729328
1, 16730732
1, 16730396
1, 16731104
1, 16730344
1, 16730656
1, 16730764
1, 16731284
1, 16731636
1, 16731624
1, 16731704
1, 16732080
1, 16732220
1, 16732924
1, 16732660
1, 16732984
0, 16830536
1, 16734308
1, 16733096
1, 16734544
1, 16733928
1, 16733980
1, 16735064
1, 16734072
1, 16735584
1, 16735356
1, 16735916
1, 16737016
1, 16736004
1, 16737784
1, 16735852
1, 16737168
1, 16737204
1, 16737272
1, 16736716
1, 16738216
1, 16736176
1, 16738392
1, 16737180
1, 16736936
0, 16837920
1, 16737716
1, 16736540
1, 16738924
1, 16737264
1, 16736972
1, 16738412
1, 16737396
1, 16736252
1, 16738352
1, 16737408
1, 16735792
1, 16738356
1, 16736572
1, 16738220
1, 16728536
1, 16745408
1, 16735020
1, 16728816
1, 16743660
1, 16734980
1, 16738376
1, 16728312
1, 16746068
0, 16837764
1, 16728224
1, 16744876
1, 16734936
1, 16738888
1, 16737992
1, 16738772
1, 16737516
1, 16729264
1, 16742700
1, 16733404
1, 16733264
1, 16724924
1, 16738672
1, 16729308
1, 16722344
1, 16736140
1, 16726900
1, 16728036
1, 16726112
1, 16728076
1, 16725164
1, 16726660
1, 16724416
0, 16804384
1, 16723244
1, 16724352
1, 16722312
1, 16723248
1, 16721112
1, 16723504
1, 16720248
1, 16723120
1, 16719852
1, 16722452
1, 16719792
1, 16721328
1, 16719320
1, 16721176
1, 16719776
1, 16720988
1, 16720972
1, 16721156
1, 16720820
1, 16721364
1, 16721668
1, 16721800
1, 16722208
0, 16787968
1, 16722912
1, 16722852
1, 16722960
1, 16723900
1, 16724028
1, 16724396
1, 16725260
1, 16726116
1, 16726336
1, 16727252
1, 16728044
1, 16727972
1, 16730184
1, 16731016
1, 16732032
1, 16733072
1, 16730436
1, 16730584
1, 16730220
1, 16729920
1, 16730240
1, 16730472
1, 16730068
0, 16798416
1, 16729612
1, 16730124
1, 16729604
1, 16729896
1, 16729808
1, 16729620
1, 16730052
1, 16730116
1, 16729524
1, 16729972
1, 16729676
1, 16730224
1, 16729548
1, 16730092
1, 16729648
1, 16729772
1, 16729844
1, 16729708
1, 16730516
1, 16729672
1, 16730264
1, 16729524
1, 16730132
0, 16793868
1, 16730208
1, 16730400
1, 16729940
1, 16730304
1, 16730136
1, 16730992
1, 16730308
1, 16729988
1, 16730624
1, 16730128
1, 16730104
1, 16729884
1, 16730204
1, 16730552
1, 16729756
1, 16730068
1, 16729960
1, 16729712
1, 16734564
1, 16728948
1, 16727380
1, 16728392
1, 16728916
0, 16789304
1, 16728560
1, 16728028
1, 16728132
1, 16727612
1, 16727668
1, 16731916
1, 16727264
1, 16725212
1, 16726700
1, 16726016
1, 16726184
1, 16726756
1, 16743504
1, 16728856
1, 16726108
1, 16726124
1, 16724560
1, 16724040
1, 16724048
1, 16724712
1, 16724212
1, 16724068
1, 16724620
0, 16784336
1, 16724216
1, 16723776
1, 16723980
1, 16723288
1, 16722972
1, 16723128
1, 16722972
1, 16722872
1, 16722308
1, 16722452
1, 16722124
1, 16721716
1, 16721024
1, 16721960
1, 16721156
1, 16721056
1, 16721060
1, 16720780
1, 16725392
1, 16719312
1, 16718084
1, 16719236
1, 16718516
0, 16778912
1, 16718360
1, 16718284
1, 16718308
1, 16717464
1, 16722892
1, 16717084
1, 16715748
1, 16716512
1, 16715788
1, 16720836
1, 16714920
1, 16714776
1, 16714908
1, 16715652
1, 16714812
1, 16714704
1, 16719556
1, 16713912
1, 16713448
1, 16714120
1, 16714260
1, 16713424
1, 16714412
0, 16773824
1, 16713412
1, 16718720
1, 16711948
1, 16711396
1, 16712300
1, 16712300
1, 16711204
1, 16711168
1, 16716288
1, 16709048
1, 16709424
1, 16709756
1, 16713436
1, 16707104
1, 16707624
1, 16707336
1, 16708168
1, 16707140
1, 16707340
1, 16712492
1, 16704840
1, 16705472
1, 16710184
0, 16771096
1, 16705304
1, 16704656
1, 16704340
1, 16704664
1, 16704224
1, 16709880
1, 16701696
1, 16702500
1, 16702676
1, 16707764
1, 16700144
1, 16700852
1, 16701696
1, 16701520
1, 16701228
1, 16706580
1, 16698096
1, 16700460
1, 16699204
1, 16699040
1, 16699964
1, 16704976
1, 16696772
0, 16766944
1, 16703220
1, 16694416
1, 16702516
1, 16692932
1, 16698656
1, 16701692
1, 16694672
1, 16701684
1, 16692608
1, 16700788
1, 16692528
1, 16700836
1, 16692408
1, 16700516
1, 16691480
1, 16695372
1, 16700088
1, 16689972
1, 16700332
1, 16688416
1, 16699696
1, 16687948
1, 16698700
0, 16765956
1, 16697948
1, 16685880
1, 16696780
1, 16684844
1, 16695752
1, 16684064
1, 16690176
1, 16693452
1, 16683236
1, 16694312
1, 16681432
1, 16693616
1, 16680440
1, 16688020
1, 16691764
1, 16679532
1, 16687592
1, 16690712
1, 16678052
1, 16692384
1, 16676936
1, 16686316
1, 16689480
0, 16764704
1, 16685280
1, 16688548
1, 16674264
1, 16684960
1, 16688336
1, 16673148
1, 16682968
1, 16678176
1, 16687768
1, 16672288
1, 16683660
1, 16676576
1, 16688096
1, 16672620
1, 16686832
1, 16680344
1, 16683724
1, 16684648
1, 16686196
1, 16687568
1, 16689980
1, 16691128
1, 16693064
0, 16763400
1, 16703764
1, 16693556
1, 16699704
1, 16698884
1, 16700368
1, 16706440
1, 16701012
1, 16700912
1, 16704536
1, 16707164
1, 16703032
1, 16705668
1, 16706844
1, 16711412
1, 16706360
1, 16708820
1, 16711744
1, 16707264
1, 16708756
1, 16708940
1, 16713480
1, 16708456
1, 16710448
0, 16763772
1, 16715068
1, 16709984
1, 16712060
1, 16711100
1, 16715384
1, 16710816
1, 16711636
1, 16714272
1, 16709620
1, 16711052
1, 16709684
1, 16714540
1, 16709452
1, 16711612
1, 16710872
1, 16710968
1, 16714652
1, 16709148
1, 16710052
1, 16710792
1, 16710668
1, 16704752
1, 16704636
0, 16763048
1, 16703964
1, 16708992
1, 16702520
1, 16703148
1, 16703092
1, 16701748
1, 16702648
1, 16703140
1, 16706372
1, 16704740
1, 16704080
1, 16704160
1, 16705216
1, 16702288
1, 16703084
1, 16702320
1, 16694828
1, 16691116
1, 16691276
1, 16676044
1, 16689880
1, 16672624
1, 16705300
0, 16765896
1, 16685188
1, 16670412
1, 16664780
1, 16681292
1, 16661204
1, 16675608
1, 16660052
1, 16670928
1, 16659960
1, 16671312
1, 16674220
1, 16675724
1, 16678168
1, 16677952
1, 16678616
0, 16818196
1, 16693340
1, 16664140
1, 16673704
1, 16689608
1, 16696240
1, 16707056
1, 16710128
1, 16718244
1, 16722460
1, 16729760
1, 16733372
1, 16739596
1, 16744980
1, 16748748
1, 16752124
1, 16756148
1, 16759860
1, 16761656
1, 16765284
1, 16769664
1, 16771708
1, 16774192
1, 16776680
0, 16814716
1, 16779892
1, 16780460
1, 16781248
1, 16783388
1, 16784240
1, 16785364
1, 16786084
1, 16786596
1, 16786728
1, 16787292
1, 16787968
1, 16788736
1, 16788252
1, 16788172
1, 16786704
1, 16786560
1, 16784100
1, 16782952
1, 16781252
1, 16779700
1, 16778108
1, 16775548
1, 16772888
0, 16802704
1, 16766840
1, 16764384
1, 16762792
1, 16760752
1, 16759184
1, 16756620
1, 16754680
1, 16752720
1, 16750080
1, 16748084
1, 16746424
1, 16743796
1, 16741060
1, 16742448
1, 16736408
1, 16730904
1, 16730764
1, 16725704
1, 16726112
1, 16720932
1, 16726304
1, 16710808
1, 16716888
0, 16800572
1, 16705548
1, 16713484
1, 16690864
1, 16699036
1, 16704436
1, 16675728
1, 16689068
1, 16695024
1, 16664948
1, 16676264
1, 16671204
1, 16686340
1, 16659552
1, 16673384
1, 16665772
1, 16664728
1, 16664640
1, 16665472
1, 16661628
1, 16664128
1, 16672512
1, 16668532
1, 16669040
0, 16811180
1, 16670332
1, 16666056
1, 16672020
1, 16673888
1, 16675496
1, 16677164
1, 16676888
1, 16677328
1, 16678124
1, 16676664
1, 16676040
1, 16690164
1, 16663520
1, 16666204
1, 16681120
1, 16659820
1, 16664228
1, 16673784
1, 16671524
1, 16683780
1, 16659856
1, 16665860
1, 16668912
0, 16816760
1, 16671224
1, 16665836
1, 16674792
1, 16678352
1, 16677716
1, 16678244
1, 16678864
1, 16680200
1, 16681560
1, 16680344
1, 16681064
1, 16680416
1, 16678424
1, 16694984
1, 16663832
1, 16672976
1, 16674300
1, 16673280
1, 16687832
1, 16671072
1, 16671852
1, 16662960
1, 16687292
0, 16821128
1, 16664896
1, 16680900
1, 16690860
1, 16666588
1, 16677144
1, 16680472
1, 16692944
1, 16671896
1, 16682976
1, 16684360
1, 16683080
1, 16684384
1, 16683556
1, 16684084
1, 16684360
1, 16686380
1, 16687464
1, 16689204
1, 16687244
1, 16686732
1, 16685492
1, 16685132
1, 16702192
0, 16804236
1, 16685452
1, 16687772
1, 16687968
1, 16688340
1, 16686816
1, 16687304
1, 16688040
1, 16688904
1, 16689340
1, 16690500
1, 16689456
1, 16688236
1, 16703924
1, 16678496
1, 16684892
1, 16688716
1, 16687816
1, 16686656
1, 16700444
1, 16677152
1, 16682268
1, 16685728
1, 16698920
0, 16799712
1, 16683588
1, 16692128
1, 16676224
1, 16677188
1, 16676452
1, 16685808
1, 16674368
1, 16682580
0, 16693376
1, 16654504
1, 16654388
1, 16654392
1, 16654404
1, 16654412
1, 16654404
1, 16654388
1, 16654396
1, 16654408
1, 16654436
1, 16654416
1, 16654516
1, 16654772
1, 16655080
1, 16655548
1, 16655896
1, 16656360
1, 16656736
1, 16657164
1, 16657696
1, 16658028
1, 16658360
1, 16658544
0, 16696532
1, 16658872
1, 16659040
1, 16659364
1, 16659752
1, 16660192
1, 16660436
1, 16660800
1, 16661088
1, 16661376
1, 16661800
1, 16662344
1, 16662752
1, 16663228
1, 16663632
1, 16664308
1, 16665160
1, 16666240
1, 16667164
1, 16667804
1, 16668296
1, 16668660
1, 16668608
1, 16668404
0, 16703288
1, 16668876
1, 16669648
1, 16670176
1, 16670576
1, 16670820
1, 16670868
1, 16670092
1, 16669764
1, 16670368
1, 16670620
1, 16670200
1, 16669748
1, 16669520
1, 16668864
1, 16668088
1, 16667256
1, 16666464
1, 16666212
1, 16665768
1, 16665220
1, 16664752
1, 16664072
1, 16664008
0, 16705396
1, 16663360
1, 16662844
1, 16662256
1, 16661344
1, 16660512
1, 16659612
1, 16659152
1, 16658828
1, 16657884
1, 16657336
1, 16656528
1, 16656780
1, 16656784
1, 16657244
1, 16657232
1, 16657144
1, 16657112
1, 16657168
1, 16657948
1, 16658876
1, 16659560
1, 16659624
1, 16659656
0, 16704872
1, 16659748
1, 16659872
1, 16659924
1, 16660064
1, 16659644
1, 16660384
1, 16660608
1, 16660796
1, 16660468
1, 16660056
1, 16659512
1, 16659500
1, 16659524
0, 16705248
1, 16674728
1, 16670512
1, 16669288
1, 16671972
1, 16673012
1, 16674184
1, 16674240
1, 16672644
1, 16671488
1, 16672884
1, 16672252
1, 16670544
1, 16669100
1, 16667036
1, 16665492
1, 16666988
1, 16667316
1, 16667840
1, 16668496
1, 16665612
1, 16664188
1, 16666812
1, 16667900
0, 16707916
1, 16669152
1, 16666924
1, 16666192
1, 16670920
1, 16671948
1, 16669272
1, 16669120
1, 16672468
1, 16672212
1, 16668356
1, 16665628
1, 16668076
1, 16668792
1, 16665952
1, 16663448
1, 16661672
1, 16660252
1, 16660176
1, 16661044
1, 16666224
1, 16669568
1, 16672896
1, 16675404
0, 16708284
1, 16676712
1, 16677616
1, 16678244
1, 16678424
1, 16677708
1, 16677108
1, 16678124
1, 16678912
1, 16679468
1, 16679356
1, 16679172
1, 16678364
1, 16677092
1, 16675096
1, 16673840
1, 16673396
1, 16673100
1, 16672352
1, 16671324
1, 16670012
1, 16667764
1, 16665320
1, 16663860
0, 16710164
1, 16662552
1, 16661464
0, 16774844
1, 16672080
1, 16661524
1, 16659824
1, 16658524
1, 16657696
1, 16659508
1, 16661364
1, 16662416
1, 16662928
1, 16662712
1, 16661844
1, 16660084
1, 16660396
1, 16660088
1, 16660380
1, 16660320
1, 16660596
1, 16663068
1, 16664928
1, 16666480
1, 16665148
1, 16666016
1, 16666784
0, 16779504
1, 16665840
1, 16665476
1, 16667664
1, 16668912
1, 16669544
1, 16668992
1, 16667572
1, 16670212
1, 16671164
1, 16669536
1, 16673628
1, 16670628
1, 16669764
1, 16668448
1, 16670896
1, 16669776
1, 16671852
1, 16671032
1, 16674956
1, 16671864
1, 16673324
1, 16671012
1, 16677284
0, 16767540
1, 16677112
1, 16673692
1, 16672500
1, 16675216
1, 16682048
1, 16673504
1, 16679500
1, 16675804
1, 16685296
1, 16679408
1, 16686500
1, 16684140
1, 16683032
1, 16682648
1, 16684196
1, 16682480
1, 16707984
1, 16682480
1, 16683972
1, 16686684
1, 16686108
1, 16683856
1, 16682912
0, 16706288
1, 16680408
1, 16679780
1, 16680484
1, 16681472
1, 16680724
1, 16684264
1, 16681036
1, 16683344
1, 16679460
1, 16678608
1, 16678584
1, 16679184
1, 16679268
1, 16679136
1, 16679324
1, 16679036
1, 16679408
1, 16678472
1, 16677360
1, 16677784
1, 16675972
1, 16673960
1, 16672968
0, 16707736
1, 16673036
1, 16673064
1, 16675180
1, 16675308
1, 16675000
1, 16674956
1, 16675676
1, 16677372
1, 16678928
1, 16679460
1, 16679792
1, 16680232
1, 16679640
1, 16677044
1, 16678532
1, 16682456
1, 16682312
1, 16680796
1, 16679236
1, 16677856
1, 16677028
1, 16684196
1, 16691832
0, 16707164
1, 16700196
1, 16702820
1, 16704352
1, 16705512
1, 16706260
1, 16704220
1, 16701064
1, 16696676
1, 16692836
1, 16691120
1, 16690508
1, 16688140
1, 16683884
1, 16677232
0, 16723984
1, 16665276
1, 16658104
1, 16657288
1, 16657276
1, 16656960
1, 16656816
1, 16656332
1, 16656272
1, 16656124
1, 16656920
1, 16656784
1, 16655768
1, 16656248
1, 16657640
1, 16657616
1, 16656416
1, 16658004
1, 16657648
1, 16657012
1, 16658412
1, 16656300
1, 16657852
1, 16657512
0, 16728380
1, 16658268
1, 16656356
1, 16658080
1, 16657760
1, 16657280
1, 16658696
1, 16656620
1, 16658064
1, 16657628
1, 16656832
1, 16657964
1, 16655992
1, 16657632
1, 16657308
1, 16656436
1, 16657824
1, 16655824
1, 16657228
1, 16657092
1, 16656508
0, 16755580
1, 16665624
1, 16658668
1, 16657168
1, 16656712
1, 16656512
1, 16656276
1, 16656196
1, 16656248
1, 16656552
1, 16656388
1, 16656808
1, 16656940
1, 16656824
1, 16657284
1, 16657476
1, 16657332
1, 16658040
1, 16657796
1, 16658424
1, 16658808
1, 16658820
1, 16658800
1, 16659072
0, 16760368
1, 16658868
1, 16658660
1, 16658660
1, 16658360
1, 16658792
1, 16658896
1, 16658808
1, 16658744
1, 16658648
1, 16658444
1, 16658316
1, 16658312
1, 16657784
1, 16658104
1, 16658096
1, 16657652
1, 16657740
1, 16657536
1, 16657164
1, 16657248
1, 16656880
1, 16656716
1, 16656444
0, 16758780
1, 16655876
1, 16655988
1, 16656044
0, 16706848
1, 16672852
1, 16673960
1, 16676560
1, 16671556
1, 16671620
1, 16668668
1, 16671140
1, 16672656
1, 16677492
1, 16676600
1, 16676064
1, 16671836
1, 16671492
1, 16674884
1, 16676748
1, 16676096
1, 16677376
1, 16675892
1, 16678116
1, 16684728
1, 16690520
1, 16694060
1, 16696260
0, 16709484
1, 16699464
1, 16700792
1, 16702828
1, 16702952
1, 16704480
1, 16704256
1, 16705304
1, 16703788
1, 16702328
1, 16699376
1, 16700816
1, 16701468
1, 16700656
1, 16699388
1, 16696528
1, 16691860
1, 16686724
1, 16679172
1, 16679808
1, 16683152
1, 16684280
1, 16685116
1, 16684856
0, 16709484
1, 16679556
0, 16779956
1, 16695032
1, 16676404
1, 16684980
1, 16707864
1, 16701896
1, 16707840
1, 16715964
1, 16719472
1, 16725288
1, 16724708
1, 16726636
1, 16735128
1, 16731604
1, 16742172
1, 16736484
1, 16745208
1, 16743804
1, 16748660
1, 16752108
1, 16755560
1, 16756344
1, 16759072
1, 16758456
0, 16788872
1, 16761316
1, 16763956
1, 16762712
1, 16767836
1, 16770172
1, 16769624
1, 16775100
1, 16774996
1, 16785888
1, 16780244
1, 16775832
1, 16774160
1, 16779876
1, 16778276
1, 16781940
1, 16780320
1, 16782568
1, 16784228
1, 16783132
1, 16782788
0, 16784068
1, 16784144
1, 16785232
1, 16783536
1, 16783996
1, 16784388
1, 16782484
1, 16783068
0, 16781504
1, 16782396
0, 16782068
1, 16782060
1, 16783204
1, 16780952
1, 16778208
1, 16777304
1, 16776440
1, 16771060
1, 16769688
1, 16769028
1, 16767820
1, 16766064
1, 16764296
1, 16761536
1, 16761784
1, 16759936
1, 16758480
1, 16756724
1, 16759980
1, 16759084
1, 16761076
1, 16760048
1, 16759820
1, 16760960
0, 16773144
1, 16755584
1, 16754016
1, 16751232
1, 16750820
1, 16746612
1, 16742332
1, 16739740
1, 16738000
1, 16737276
1, 16735452
1, 16734432
1, 16736524
1, 16734080
1, 16731520
1, 16730164
1, 16727420
1, 16724544
1, 16729472
1, 16722032
1, 16725200
1, 16716972
1, 16711068
1, 16706040
0, 16768660
1, 16696600
1, 16690872
0, 16714952
1, 16705452
1, 16706648
1, 16710428
1, 16711432
1, 16711012
1, 16711992
1, 16715284
1, 16716532
1, 16716700
1, 16717804
1, 16719088
0, 16720224
0, 16720348
1, 16720128
1, 16720244
1, 16721972
0, 16721696
0, 16722016
0, 16722164
0, 16722720
0, 16722348
0, 16722920
1, 16722732
1, 16722568
1, 16722096
1, 16721344
1, 16720528
1, 16718524
1, 16717384
1, 16717772
1, 16717848
1, 16716856
1, 16713836
1, 16711804
1, 16709680
1, 16706840
1, 16703580
1, 16703648
1, 16701672
1, 16701624
1, 16699728
1, 16699000
1, 16698620
1, 16696980
1, 16695996
0, 16726164
1, 16695092
1, 16695052
1, 16694640
1, 16694384
1, 16693472
1, 16692360
1, 16691716
1, 16692040
1, 16691292
1, 16692704
1, 16695176
1, 16696504
1, 16694548
1, 16695296
1, 16694708
1, 16693972
1, 16692520
1, 16691976
1, 16688892
1, 16687284
1, 16685208
1, 16685940
1, 16683568
0, 16727188
1, 16680396
1, 16680332
1, 16678056
1, 16676072
1, 16673824
1, 16671072
1, 16669932
1, 16669112
1, 16669176
1, 16665948
1, 16664656
1, 16663708
1, 16662388
1, 16661188
1, 16660208
1, 16658884
1, 16658012
1, 16658232
1, 16659908
1, 16662564
1, 16663736
1, 16660132
1, 16661476
0, 16728380
1, 16663668
1, 16664532
1, 16660464
1, 16658976
1, 16658620
1, 16657976
1, 16657444
1, 16657168
1, 16657148
1, 16657048
1, 16656804
1, 16656516
1, 16656196
1, 16655720
1, 16655476
1, 16655628
1, 16655600
1, 16655372
1, 16654876
1, 16654972
1, 16655116
1, 16655012
1, 16654828
0, 16728784
1, 16654876
1, 16654864
1, 16654960
1, 16654936
1, 16654992
1, 16654928
1, 16655040
1, 16655076
1, 16655116
1, 16655284
1, 16655156
1, 16655284
1, 16655384
1, 16655248
1, 16655952
1, 16656148
1, 16656644
1, 16658400
1, 16659152
1, 16663500
1, 16666392
1, 16668232
1, 16668720
0, 16728560
1, 16668252
1, 16668244
1, 16667664
1, 16666724
1, 16664848
1, 16662836
1, 16661460
1, 16661452
1, 16661216
1, 16661604
1, 16660888
1, 16661044
1, 16662456
1, 16664592
1, 16665764
1, 16666164
1, 16665612
1, 16665980
1, 16665964
1, 16666592
1, 16669404
1, 16670520
1, 16670884
0, 16727692
1, 16669960
1, 16668768
1, 16668804
1, 16668384
1, 16667944
1, 16667084
1, 16665996
1, 16664272
1, 16662288
1, 16660288
1, 16661436
1, 16664804
1, 16667016
1, 16667728
1, 16668068
1, 16668992
1, 16669252
1, 16669544
1, 16669684
1, 16668976
1, 16667780
1, 16665980
1, 16663200
0, 16729508
1, 16659220
1, 16658168
1, 16657268
1, 16656592
