=~=~=~=~=~=~=~=~=~=~=~= PuTTY log 2025.01.21 17:02:15 =~=~=~=~=~=~=~=~=~=~=~=
3://V1_621.MPG
3://V1_300.MPG
3://V1_1730.MPG
Decoding 3://V1_621.MPG to VDMA
Decoder start. Num frames #621
Width 1280
Height 720
Num i frames 230
Payload Size 113133240
I frame index 0, position 20
I frame index 6, position 1220732
I frame index 7, position 1434028
I frame index 8, position 1636348
I frame index 9, position 1837012
I frame index 10, position 2033216
I frame index 11, position 2235160
I frame index 12, position 2434720
I frame index 16, position 3200168
I frame index 17, position 3404824
I frame index 18, position 3603160
I frame index 19, position 3795068
I frame index 20, position 3976652
I frame index 21, position 4159032
I frame index 22, position 4335496
I frame index 44, position 8008388
I frame index 45, position 8200888
I frame index 46, position 8392500
I frame index 47, position 8588120
I frame index 57, position 10379140
I frame index 76, position 13659376
I frame index 77, position 13853664
I frame index 78, position 14045168
I frame index 79, position 14232228
I frame index 80, position 14420024
I frame index 94, position 16839088
I frame index 95, position 17023036
I frame index 96, position 17209296
I frame index 97, position 17394808
I frame index 98, position 17581364
I frame index 122, position 21741316
I frame index 123, position 21927800
I frame index 124, position 22113024
I frame index 125, position 22294636
I frame index 130, position 23177932
I frame index 131, position 23357288
I frame index 132, position 23537592
I frame index 137, position 24385476
I frame index 138, position 24558608
I frame index 139, position 24719768
I frame index 140, position 24874972
I frame index 141, position 25029720
I frame index 142, position 25187952
I frame index 143, position 25345344
I frame index 144, position 25507308
I frame index 145, position 25670380
I frame index 146, position 25833116
I frame index 147, position 25997980
I frame index 148, position 26162332
I frame index 149, position 26323736
I frame index 150, position 26484872
I frame index 151, position 26643896
I frame index 152, position 26803636
I frame index 153, position 26962916
I frame index 154, position 27123328
I frame index 155, position 27286752
I frame index 161, position 28200660
I frame index 162, position 28372864
I frame index 163, position 28533360
I frame index 164, position 28678772
I frame index 165, position 28830548
I frame index 166, position 28985004
I frame index 167, position 29145032
I frame index 168, position 29308172
I frame index 169, position 29475612
I frame index 170, position 29646508
I frame index 171, position 29820692
I frame index 172, position 29994248
I frame index 173, position 30168216
I frame index 174, position 30339476
I frame index 175, position 30512196
I frame index 176, position 30686368
I frame index 177, position 30864740
I frame index 178, position 31048396
I frame index 179, position 31237076
I frame index 180, position 31429516
I frame index 181, position 31622244
I frame index 185, position 32413828
I frame index 186, position 32615300
I frame index 187, position 32817120
I frame index 188, position 33020200
I frame index 189, position 33222596
I frame index 190, position 33428064
I frame index 191, position 33625664
I frame index 192, position 33822444
I frame index 193, position 34020008
I frame index 194, position 34222224
I frame index 195, position 34423144
I frame index 210, position 37222096
I frame index 211, position 37422048
I frame index 212, position 37618852
I frame index 213, position 37805688
I frame index 214, position 37988588
I frame index 215, position 38169248
I frame index 216, position 38349900
I frame index 217, position 38531312
I frame index 218, position 38713776
I frame index 219, position 38903548
I frame index 220, position 39093200
I frame index 226, position 40256756
I frame index 229, position 40848360
I frame index 231, position 41240880
I frame index 255, position 45441456
I frame index 278, position 49598900
I frame index 286, position 51150380
I frame index 287, position 51367412
I frame index 288, position 51575688
I frame index 289, position 51778344
I frame index 290, position 51975504
I frame index 291, position 52174888
I frame index 292, position 52370860
I frame index 293, position 52563992
I frame index 294, position 52761720
I frame index 295, position 52962528
I frame index 310, position 55782792
I frame index 311, position 55988656
I frame index 312, position 56194804
I frame index 313, position 56399912
I frame index 314, position 56609528
I frame index 318, position 57414616
I frame index 319, position 57622848
I frame index 320, position 57823996
I frame index 321, position 58015356
I frame index 322, position 58191956
I frame index 323, position 58373420
I frame index 324, position 58538172
I frame index 325, position 58703768
I frame index 326, position 58874464
I frame index 327, position 59058484
I frame index 328, position 59250496
I frame index 329, position 59453460
I frame index 331, position 59861248
I frame index 334, position 60473004
I frame index 335, position 60683124
I frame index 339, position 61527800
I frame index 340, position 61737544
I frame index 341, position 61945288
I frame index 342, position 62153572
I frame index 343, position 62361760
I frame index 349, position 63599444
I frame index 350, position 63804560
I frame index 351, position 64006632
I frame index 352, position 64195984
I frame index 353, position 64384140
I frame index 354, position 64568868
I frame index 355, position 64753840
I frame index 356, position 64942204
I frame index 357, position 65130812
I frame index 359, position 65506264
I frame index 360, position 65698528
I frame index 361, position 65886152
I frame index 362, position 66071056
I frame index 363, position 66254036
I frame index 364, position 66439692
I frame index 365, position 66625224
I frame index 367, position 66999632
I frame index 372, position 67930608
I frame index 373, position 68120436
I frame index 374, position 68310380
I frame index 375, position 68493128
I frame index 376, position 68676944
I frame index 377, position 68857568
I frame index 395, position 72042636
I frame index 396, position 72242268
I frame index 397, position 72443448
I frame index 398, position 72644208
I frame index 402, position 73438464
I frame index 404, position 73829244
I frame index 405, position 74024060
I frame index 406, position 74215796
I frame index 407, position 74405376
I frame index 408, position 74596712
I frame index 409, position 74784576
I frame index 410, position 74975008
I frame index 411, position 75162456
I frame index 417, position 76303520
I frame index 418, position 76500024
I frame index 419, position 76689728
I frame index 420, position 76879444
I frame index 430, position 78651880
I frame index 431, position 78851428
I frame index 432, position 79046532
I frame index 433, position 79242364
I frame index 434, position 79439112
I frame index 435, position 79640072
I frame index 445, position 81569240
I frame index 446, position 81777648
I frame index 447, position 81987008
I frame index 448, position 82192872
I frame index 452, position 82990468
I frame index 453, position 83195720
I frame index 454, position 83398632
I frame index 455, position 83603236
I frame index 456, position 83803148
I frame index 457, position 84005180
I frame index 462, position 84902704
I frame index 463, position 85104392
I frame index 464, position 85298268
I frame index 465, position 85494680
I frame index 489, position 89310332
I frame index 513, position 93213224
I frame index 532, position 96492388
I frame index 533, position 96689444
I frame index 534, position 96879008
I frame index 535, position 97068576
I frame index 536, position 97257148
I frame index 537, position 97446592
I frame index 538, position 97633204
I frame index 558, position 101112080
I frame index 568, position 102923808
I frame index 569, position 103124564
I frame index 570, position 103322472
I frame index 575, position 104200676
I frame index 576, position 104400552
I frame index 577, position 104601244
I frame index 579, position 105004884
I frame index 586, position 106351744
I frame index 587, position 106559312
I frame index 588, position 106763528
I frame index 607, position 110275092
I frame index 608, position 110475480
I frame index 609, position 110670776
I frame index 610, position 110867720
I frame index 611, position 111065012
I frame index 612, position 111264520
I frame index 614, position 111661904
I frame index 615, position 111866088
I frame index 616, position 112072768
I frame index 617, position 112281280
I frame index 618, position 112492648
0 , 0, 66046319
button 0 has been pressed!
Freed memory for file
Decoding 3://V1_300.MPG to VDMA
Decoder start. Num frames #300
Width 1280
Height 720
Num i frames 14
Payload Size 34450564
I frame index 0, position 20
I frame index 24, position 2076120
I frame index 48, position 4023560
I frame index 72, position 5862672
I frame index 96, position 8093644
I frame index 120, position 9755444
I frame index 144, position 11398072
I frame index 145, position 11511756
I frame index 169, position 15102336
I frame index 193, position 18698764
I frame index 217, position 22319468
I frame index 241, position 25797044
I frame index 265, position 29267460
I frame index 289, position 32758964
0 , 0, 60586773
button 0 has been pressed!
Freed memory for file
Decoding 3://V1_1730.MPG to VDMA
Decoder start. Num frames #1730
Width 1280
Height 720
Num i frames 88
Payload Size 189818808
I frame index 0, position 20
I frame index 24, position 1997540
I frame index 48, position 4073640
I frame index 72, position 6021080
I frame index 96, position 7860192
I frame index 120, position 10091164
I frame index 144, position 11752964
I frame index 168, position 13395592
I frame index 169, position 13509276
I frame index 193, position 17099856
I frame index 217, position 20696284
I frame index 241, position 24316988
I frame index 265, position 27794564
I frame index 289, position 31264980
I frame index 313, position 34756484
I frame index 337, position 38366208
I frame index 361, position 42008904
I frame index 385, position 45534680
I frame index 409, position 48786300
I frame index 433, position 52165964
I frame index 457, position 55602752
I frame index 481, position 59039512
I frame index 505, position 62405140
I frame index 529, position 65644280
I frame index 553, position 68748796
I frame index 577, position 71712144
I frame index 601, position 74492900
I frame index 625, position 77132744
I frame index 649, position 79572844
I frame index 673, position 81909144
I frame index 697, position 84751532
I frame index 721, position 87719548
I frame index 745, position 90416600
I frame index 761, position 91835528
I frame index 785, position 95363840
I frame index 809, position 100052212
I frame index 833, position 103781028
I frame index 857, position 106034356
I frame index 881, position 108165732
I frame index 905, position 110401332
I frame index 929, position 112796224
I frame index 953, position 115285024
I frame index 962, position 116227356
I frame index 986, position 117849404
I frame index 1010, position 119656680
I frame index 1034, position 121583372
I frame index 1058, position 123294976
I frame index 1072, position 124326612
I frame index 1096, position 126287812
I frame index 1120, position 128202848
I frame index 1144, position 130284920
I frame index 1147, position 130550528
I frame index 1171, position 132411504
I frame index 1195, position 134461808
I frame index 1219, position 136771844
I frame index 1243, position 138949592
I frame index 1267, position 141117684
I frame index 1282, position 142726808
I frame index 1306, position 144422796
I frame index 1327, position 145916564
I frame index 1351, position 147652336
I frame index 1375, position 149399000
I frame index 1379, position 149767592
I frame index 1403, position 151903040
I frame index 1427, position 154463340
I frame index 1429, position 154673332
I frame index 1453, position 158055396
I frame index 1474, position 161979228
I frame index 1482, position 163533952
I frame index 1484, position 163918804
I frame index 1508, position 168197848
I frame index 1532, position 171702948
I frame index 1535, position 172090508
I frame index 1547, position 173573544
I frame index 1548, position 173704244
I frame index 1552, position 174228840
I frame index 1553, position 174361012
I frame index 1554, position 174493504
I frame index 1555, position 174626144
I frame index 1556, position 174759340
I frame index 1557, position 174892164
I frame index 1581, position 177807168
I frame index 1605, position 180303100
I frame index 1629, position 182210724
I frame index 1653, position 183905688
I frame index 1677, position 185610180
I frame index 1701, position 187490328
I frame index 1725, position 189405692
0 , 0, 60054433
button 1 has been pressed!
Video Play
1 , 1, 48406604
2 , 1, 48421302
3 , 1, 48435077
4 , 1, 48290130
5 , 1, 48434548
6 , 1, 48414335
7 , 1, 48459109
8 , 1, 48819286
9 , 1, 48865289
10 , 1, 48694136
11 , 1, 48732265
12 , 1, 48728156
13 , 1, 48738966
14 , 1, 48639184
15 , 1, 48496023
16 , 1, 48488141
17 , 1, 48322103
18 , 1, 48260743
19 , 1, 48182679
20 , 1, 48306110
21 , 1, 48510757
22 , 1, 48272879
23 , 1, 48168982
24 , 0, 60312157
25 , 1, 48261369
26 , 1, 48100570
27 , 1, 48253936
28 , 1, 48192408
29 , 1, 48109964
30 , 1, 48101277
31 , 1, 48676443
32 , 1, 48853871
33 , 1, 48613098
34 , 1, 48842103
35 , 1, 48734323
36 , 1, 48889481
37 , 1, 48983404
38 , 1, 49084006
39 , 1, 48869951
40 , 1, 48845052
41 , 1, 49091047
42 , 1, 49038525
43 , 1, 48604264
44 , 1, 48477335
45 , 1, 48991784
46 , 1, 49377068
47 , 1, 49167617
48 , 0, 60055942
49 , 1, 49171560
50 , 1, 48842063
51 , 1, 48724543
52 , 1, 48252664
53 , 1, 48401383
54 , 1, 48373021
55 , 1, 48301848
56 , 1, 48165346
57 , 1, 48135026
58 , 1, 48369731
59 , 1, 48202023
60 , 1, 48154175
61 , 1, 48309970
62 , 1, 48234335
63 , 1, 48348270
64 , 1, 48256049
65 , 1, 48108690
66 , 1, 48293923
67 , 1, 48134211
68 , 1, 48206292
69 , 1, 48123770
70 , 1, 48039100
71 , 1, 48264816
72 , 0, 59949948
73 , 1, 47956550
74 , 1, 47845345
75 , 1, 47608369
76 , 1, 47714154
77 , 1, 47698878
78 , 1, 47765115
79 , 1, 47630557
80 , 1, 47671761
81 , 1, 47809177
82 , 1, 47712394
83 , 1, 47622882
84 , 1, 47874071
85 , 1, 48046452
86 , 1, 47830175
87 , 1, 47895543
88 , 1, 47826544
89 , 1, 47879545
90 , 1, 47952523
91 , 1, 48010191
92 , 1, 48475491
93 , 1, 48801821
94 , 1, 49069482
95 , 1, 49188759
96 , 0, 60247015
97 , 1, 48715309
98 , 1, 48772572
99 , 1, 48764845
100 , 1, 48905222
101 , 1, 48649551
102 , 1, 48822293
103 , 1, 48991373
104 , 1, 49077966
105 , 1, 49103119
106 , 1, 49536755
107 , 1, 49897353
108 , 1, 49687049
109 , 1, 50428556
110 , 1, 49779014
111 , 1, 49761704
112 , 1, 49672329
113 , 1, 49582010
114 , 1, 49471499
115 , 1, 49450157
116 , 1, 49389523
117 , 1, 48513045
118 , 1, 47941818
119 , 1, 47687351
120 , 0, 59965737
121 , 1, 47627106
122 , 1, 47482519
123 , 1, 47469331
124 , 1, 47420560
125 , 1, 47356188
126 , 1, 47653568
127 , 1, 47536054
128 , 1, 47509229
129 , 1, 47485317
130 , 1, 47518910
131 , 1, 47437268
132 , 1, 47460794
133 , 1, 47490580
134 , 1, 47370421
135 , 1, 47452514
136 , 1, 47659519
137 , 1, 47407598
138 , 1, 47440540
139 , 1, 47387930
140 , 1, 47342735
141 , 1, 47373359
142 , 1, 47379063
143 , 1, 47404732
144 , 0, 59836005
145 , 1, 47466675
146 , 1, 47538364
147 , 1, 47395060
148 , 1, 47381975
149 , 1, 47364666
150 , 1, 47304051
151 , 1, 47503987
152 , 1, 47371348
153 , 1, 47408704
154 , 1, 47382845
155 , 1, 47383837
156 , 1, 47418911
157 , 1, 47409050
158 , 1, 47394757
159 , 1, 47376895
160 , 1, 47335900
161 , 1, 47339436
162 , 1, 47401843
163 , 1, 47296063
164 , 1, 47382728
165 , 1, 47401129
166 , 1, 47401934
167 , 1, 47601497
168 , 0, 59724060
169 , 0, 67885967
170 , 1, 53120468
171 , 1, 53007602
172 , 1, 53148431
173 , 1, 53041444
174 , 1, 53202955
175 , 1, 52998596
176 , 1, 54072641
177 , 1, 52269496
178 , 1, 53862287
179 , 1, 52246830
180 , 1, 53667262
181 , 1, 52494058
182 , 1, 53971393
183 , 1, 52280459
184 , 1, 53777367
185 , 1, 53013907
186 , 1, 52659120
187 , 1, 53758926
188 , 1, 52599619
189 , 1, 52956257
190 , 1, 52994508
191 , 1, 53764503
192 , 1, 52541286
193 , 0, 67771448
194 , 1, 53145283
195 , 1, 53074180
196 , 1, 53052408
197 , 1, 53178102
198 , 1, 52987016
199 , 1, 53103420
200 , 1, 53104586
201 , 1, 52871689
202 , 1, 53412025
203 , 1, 53037347
204 , 1, 54027915
205 , 1, 52382501
206 , 1, 53288499
207 , 1, 52825555
208 , 1, 53050232
209 , 1, 53285641
210 , 1, 53176481
211 , 1, 53316548
212 , 1, 53117553
213 , 1, 53302653
214 , 1, 53171069
215 , 1, 53347847
216 , 1, 53471231
217 , 0, 67812891
218 , 1, 53248629
219 , 1, 53366637
220 , 1, 53075212
221 , 1, 53232183
222 , 1, 53301023
223 , 1, 53427607
224 , 1, 53331844
225 , 1, 54048839
226 , 1, 52682267
227 , 1, 53277068
228 , 1, 53049992
229 , 1, 53028505
230 , 1, 53201233
231 , 1, 53860504
232 , 1, 52391832
233 , 1, 53165861
234 , 1, 52759258
235 , 1, 53725314
236 , 1, 52975744
237 , 1, 52798213
238 , 1, 52907578
239 , 1, 52745508
240 , 1, 53573483
241 , 0, 67203278
242 , 1, 53380292
243 , 1, 52207668
244 , 1, 54894937
245 , 1, 52395172
246 , 1, 52758358
247 , 1, 52115477
248 , 1, 53302441
249 , 1, 52063479
250 , 1, 52736821
251 , 1, 52553922
252 , 1, 52733336
253 , 1, 52638653
254 , 1, 52700588
255 , 1, 52670317
256 , 1, 52743681
257 , 1, 52586988
258 , 1, 52629344
259 , 1, 52944041
260 , 1, 52780966
261 , 1, 52635989
262 , 1, 52795005
263 , 1, 52673003
264 , 1, 52795363
265 , 0, 67251625
266 , 1, 52697830
267 , 1, 52764397
268 , 1, 52748905
269 , 1, 52691970
270 , 1, 52761023
271 , 1, 52755869
272 , 1, 52734025
273 , 1, 52829964
274 , 1, 52809565
275 , 1, 52729191
276 , 1, 52720074
277 , 1, 52646683
278 , 1, 52828151
279 , 1, 52586830
280 , 1, 53069171
281 , 1, 52808764
282 , 1, 52758799
283 , 1, 52697164
284 , 1, 52764742
285 , 1, 52634367
286 , 1, 52729683
287 , 1, 52687047
288 , 1, 53085605
289 , 0, 67065862
290 , 1, 52686490
291 , 1, 52633430
292 , 1, 52846922
293 , 1, 52669300
294 , 1, 52778581
295 , 1, 52947737
296 , 1, 52756041
297 , 1, 52678093
298 , 1, 52748698
299 , 1, 52885245
300 , 1, 52715588
301 , 1, 52783395
302 , 1, 53093735
303 , 1, 52880306
304 , 1, 52866275
305 , 1, 52919527
306 , 1, 52887802
307 , 1, 52779971
308 , 1, 52940838
309 , 1, 53091397
310 , 1, 52805365
311 , 1, 53103758
312 , 1, 52874700
313 , 0, 67448679
314 , 1, 52936419
315 , 1, 53075019
316 , 1, 53248264
317 , 1, 52879752
318 , 1, 53113037
319 , 1, 53089980
320 , 1, 52995287
321 , 1, 53143121
322 , 1, 53177649
323 , 1, 53409159
324 , 1, 53219788
325 , 1, 53149513
326 , 1, 53226948
327 , 1, 53175834
328 , 1, 53213488
329 , 1, 53252113
330 , 1, 53458956
331 , 1, 53244495
332 , 1, 53232117
333 , 1, 53196788
334 , 1, 53290325
335 , 1, 53242142
336 , 1, 53082114
337 , 0, 68110710
338 , 1, 53279147
339 , 1, 53227415
340 , 1, 53442730
341 , 1, 53144199
342 , 1, 53170346
343 , 1, 53208869
344 , 1, 53355968
345 , 1, 52961165
346 , 1, 53152376
347 , 1, 53121771
348 , 1, 53064740
349 , 1, 53172224
350 , 1, 53167242
351 , 1, 53373106
352 , 1, 52489854
353 , 1, 53596809
354 , 1, 52980980
355 , 1, 52632856
356 , 1, 53576498
357 , 1, 53140833
358 , 1, 53472313
359 , 1, 52585062
360 , 1, 53816325
361 , 0, 67736772
362 , 1, 52543691
363 , 1, 53795590
364 , 1, 52974074
365 , 1, 53526100
366 , 1, 53238437
367 , 1, 53328837
368 , 1, 53244293
369 , 1, 52639513
370 , 1, 53759899
371 , 1, 52982119
372 , 1, 53175405
373 , 1, 52380350
374 , 1, 53291009
375 , 1, 52767174
376 , 1, 52255884
377 , 1, 53218171
378 , 1, 52573993
379 , 1, 52867163
380 , 1, 52482179
381 , 1, 52724321
382 , 1, 52444847
383 , 1, 52483988
384 , 1, 52265271
385 , 0, 65862187
386 , 1, 52548371
387 , 1, 52288253
388 , 1, 52176288
389 , 1, 52268858
390 , 1, 51983398
391 , 1, 52244158
392 , 1, 52093309
393 , 1, 52178766
394 , 1, 52266923
395 , 1, 52224000
396 , 1, 51994075
397 , 1, 52094900
398 , 1, 52052966
399 , 1, 52042611
400 , 1, 52072743
401 , 1, 52121012
402 , 1, 52290111
403 , 1, 52128672
404 , 1, 52134934
405 , 1, 52074429
406 , 1, 52156463
407 , 1, 52183840
408 , 1, 52174011
409 , 0, 64944013
410 , 1, 52556021
411 , 1, 52335096
412 , 1, 52221433
413 , 1, 52389023
414 , 1, 52357852
415 , 1, 52251189
416 , 1, 52518718
417 , 1, 52610327
418 , 1, 52526143
419 , 1, 52688836
420 , 1, 52636451
421 , 1, 52658644
422 , 1, 52757302
423 , 1, 52900168
424 , 1, 52917156
425 , 1, 53230577
426 , 1, 52851216
427 , 1, 52868136
428 , 1, 52796596
429 , 1, 52778408
430 , 1, 52806619
431 , 1, 52728076
432 , 1, 53076487
433 , 0, 65652657
434 , 1, 52639040
435 , 1, 52790563
436 , 1, 52822358
437 , 1, 52734948
438 , 1, 52781291
439 , 1, 52979701
440 , 1, 52793739
441 , 1, 52689230
442 , 1, 52748367
443 , 1, 52806610
444 , 1, 52711733
445 , 1, 52772581
446 , 1, 52744810
447 , 1, 53001537
448 , 1, 52655997
449 , 1, 52817399
450 , 1, 52817287
451 , 1, 52716522
452 , 1, 52821936
453 , 1, 52719444
454 , 1, 53022941
455 , 1, 52629453
456 , 1, 52818861
457 , 0, 65439082
458 , 1, 52747392
459 , 1, 52719551
460 , 1, 52803665
461 , 1, 53085383
462 , 1, 52675949
463 , 1, 52930723
464 , 1, 52869114
465 , 1, 52735744
466 , 1, 52926086
467 , 1, 52797081
468 , 1, 52736320
469 , 1, 52985053
470 , 1, 52754069
471 , 1, 52881284
472 , 1, 52706154
473 , 1, 52761191
474 , 1, 52825474
475 , 1, 52687940
476 , 1, 53411775
477 , 1, 52678820
478 , 1, 52527226
479 , 1, 52536824
480 , 1, 52546513
481 , 0, 65141993
482 , 1, 52794581
483 , 1, 52846268
484 , 1, 52635096
485 , 1, 52511988
486 , 1, 52582662
487 , 1, 53029556
488 , 1, 52552586
489 , 1, 52384541
490 , 1, 52565712
491 , 1, 52728522
492 , 1, 52475993
493 , 1, 52554785
494 , 1, 53886116
495 , 1, 52674637
496 , 1, 52463795
497 , 1, 52416100
498 , 1, 52729672
499 , 1, 52406303
500 , 1, 52338987
501 , 1, 52447731
502 , 1, 52403176
503 , 1, 52387387
504 , 1, 52388825
505 , 0, 64783399
506 , 1, 52485152
507 , 1, 52289784
508 , 1, 52340980
509 , 1, 52401111
510 , 1, 52378894
511 , 1, 52375130
512 , 1, 52292233
513 , 1, 52544018
514 , 1, 52320540
515 , 1, 52275417
516 , 1, 52327145
517 , 1, 52147984
518 , 1, 52145569
519 , 1, 52285411
520 , 1, 52249273
521 , 1, 52326980
522 , 1, 52345671
523 , 1, 52153085
524 , 1, 52536490
525 , 1, 52044062
526 , 1, 51905934
527 , 1, 52055861
528 , 1, 52095603
529 , 0, 64773500
530 , 1, 52102470
531 , 1, 51924605
532 , 1, 52126696
533 , 1, 52076405
534 , 1, 52379579
535 , 1, 51914325
536 , 1, 51783448
537 , 1, 51933336
538 , 1, 51865794
539 , 1, 52271332
540 , 1, 51784304
541 , 1, 51729732
542 , 1, 51911695
543 , 1, 51826947
544 , 1, 51710382
545 , 1, 51934480
546 , 1, 52235499
547 , 1, 51748377
548 , 1, 51693735
549 , 1, 51765467
550 , 1, 51756842
551 , 1, 51710439
552 , 1, 51759096
553 , 0, 64374626
554 , 1, 51703046
555 , 1, 52234234
556 , 1, 51601519
557 , 1, 51558296
558 , 1, 51652777
559 , 1, 51672150
560 , 1, 51714509
561 , 1, 51612480
562 , 1, 52079239
563 , 1, 51469097
564 , 1, 51416480
565 , 1, 51496098
566 , 1, 51794225
567 , 1, 51314024
568 , 1, 51395162
569 , 1, 51324384
570 , 1, 51432667
571 , 1, 51416608
572 , 1, 51386894
573 , 1, 51629424
574 , 1, 51058203
575 , 1, 51141713
576 , 1, 51527587
577 , 0, 64213923
578 , 1, 51168764
579 , 1, 51334581
580 , 1, 51139441
581 , 1, 51190878
582 , 1, 51102131
583 , 1, 51555087
584 , 1, 50888233
585 , 1, 51156047
586 , 1, 51054940
587 , 1, 51425042
588 , 1, 51023158
589 , 1, 50879587
590 , 1, 50985297
591 , 1, 50997195
592 , 1, 50934392
593 , 1, 51481454
594 , 1, 50763472
595 , 1, 50873042
596 , 1, 50810397
597 , 1, 50908155
598 , 1, 50870589
599 , 1, 51396477
600 , 1, 50643247
601 , 0, 63779030
602 , 1, 51175835
603 , 1, 50495594
604 , 1, 51144071
605 , 1, 50454951
606 , 1, 50836150
607 , 1, 51050212
608 , 1, 50453078
609 , 1, 51002840
610 , 1, 50364985
611 , 1, 51014113
612 , 1, 50444333
613 , 1, 50928799
614 , 1, 50247266
615 , 1, 51047890
616 , 1, 50433477
617 , 1, 50546911
618 , 1, 50880732
619 , 1, 50207890
620 , 1, 51005768
621 , 1, 50141310
622 , 1, 50933928
623 , 1, 50013503
624 , 1, 50863065
625 , 0, 63982158
626 , 1, 50600953
627 , 1, 49746076
628 , 1, 50586419
629 , 1, 49655404
630 , 1, 50665101
631 , 1, 49805364
632 , 1, 50196486
633 , 1, 50528642
634 , 1, 49671033
635 , 1, 50593402
636 , 1, 49519336
637 , 1, 50667232
638 , 1, 49409189
639 , 1, 50017342
640 , 1, 50410883
641 , 1, 49454057
642 , 1, 50147755
643 , 1, 50402546
644 , 1, 49357644
645 , 1, 50398703
646 , 1, 49318530
647 , 1, 50082376
648 , 1, 50252047
649 , 0, 63692779
650 , 1, 49906834
651 , 1, 50168288
652 , 1, 49106513
653 , 1, 49851590
654 , 1, 50265504
655 , 1, 48961934
656 , 1, 49774099
657 , 1, 49514140
658 , 1, 50134123
659 , 1, 48921296
660 , 1, 49753357
661 , 1, 49304282
662 , 1, 50164189
663 , 1, 48973262
664 , 1, 50010306
665 , 1, 49531528
666 , 1, 49724259
667 , 1, 49776132
668 , 1, 50100596
669 , 1, 50050909
670 , 1, 50207884
671 , 1, 50247853
672 , 1, 50363381
673 , 0, 63673101
674 , 1, 51228318
675 , 1, 50458975
676 , 1, 50845000
677 , 1, 50789875
678 , 1, 50986368
679 , 1, 51609062
680 , 1, 50895114
681 , 1, 51031045
682 , 1, 51192192
683 , 1, 51414354
684 , 1, 51154391
685 , 1, 51381822
686 , 1, 51469406
687 , 1, 51735585
688 , 1, 51349581
689 , 1, 51555413
690 , 1, 51889534
691 , 1, 51503828
692 , 1, 51393320
693 , 1, 51530375
694 , 1, 51914783
695 , 1, 51409406
696 , 1, 51687273
697 , 0, 63616953
698 , 1, 51934125
699 , 1, 51565111
700 , 1, 51661166
701 , 1, 51641046
702 , 1, 51943803
703 , 1, 51561136
704 , 1, 51855601
705 , 1, 51844023
706 , 1, 51483979
707 , 1, 51619468
708 , 1, 51616547
709 , 1, 51863733
710 , 1, 51523307
711 , 1, 51530908
712 , 1, 51651675
713 , 1, 51692424
714 , 1, 51867238
715 , 1, 51553567
716 , 1, 51630756
717 , 1, 51589653
718 , 1, 51559112
719 , 1, 51235280
720 , 1, 51173108
721 , 0, 63656291
722 , 1, 51150151
723 , 1, 51505818
724 , 1, 51177338
725 , 1, 51172347
726 , 1, 51140313
727 , 1, 51039309
728 , 1, 51081223
729 , 1, 51169771
730 , 1, 51424825
731 , 1, 51326057
732 , 1, 51164658
733 , 1, 51200803
734 , 1, 51205893
735 , 1, 51001582
736 , 1, 51096620
737 , 1, 51256244
738 , 1, 50562160
739 , 1, 50382223
740 , 1, 50301982
741 , 1, 49213758
742 , 1, 50307011
743 , 1, 48957822
744 , 1, 51368358
745 , 0, 63632953
746 , 1, 49942977
747 , 1, 48817989
748 , 1, 48343768
749 , 1, 49714532
750 , 1, 48103636
751 , 1, 49165988
752 , 1, 48035399
753 , 1, 48843153
754 , 1, 47898417
755 , 1, 48731118
756 , 1, 48951882
757 , 1, 49000483
758 , 1, 49238222
759 , 1, 49161214
760 , 1, 49189380
761 , 0, 66735201
762 , 1, 50419591
763 , 1, 48023377
764 , 1, 48695310
765 , 1, 49860396
766 , 1, 50433232
767 , 1, 51152511
768 , 1, 51397878
769 , 1, 52060963
770 , 1, 52333569
771 , 1, 52744591
772 , 1, 52952629
773 , 1, 53341962
774 , 1, 53680826
775 , 1, 53912887
776 , 1, 54094596
777 , 1, 54567126
778 , 1, 54534710
779 , 1, 54569207
780 , 1, 54879803
781 , 1, 55183613
782 , 1, 55301543
783 , 1, 55570426
784 , 1, 55575367
785 , 0, 66276817
786 , 1, 55735447
787 , 1, 55895206
788 , 1, 55737493
789 , 1, 56057951
790 , 1, 55863310
791 , 1, 55944466
792 , 1, 56020388
793 , 1, 56077702
794 , 1, 56219921
795 , 1, 56079246
796 , 1, 56128498
797 , 1, 56157032
798 , 1, 56113596
799 , 1, 56336588
800 , 1, 56095258
801 , 1, 56068397
802 , 1, 55880570
803 , 1, 55919541
804 , 1, 55791271
805 , 1, 55739524
806 , 1, 55599081
807 , 1, 55358039
808 , 1, 55199045
809 , 0, 65665453
810 , 1, 55079743
811 , 1, 54649951
812 , 1, 54668124
813 , 1, 54644539
814 , 1, 54505527
815 , 1, 54233047
816 , 1, 54303048
817 , 1, 54112431
818 , 1, 53891494
819 , 1, 53838511
820 , 1, 53711475
821 , 1, 53542438
822 , 1, 53467729
823 , 1, 53548879
824 , 1, 53136028
825 , 1, 52658706
826 , 1, 52775158
827 , 1, 52411486
828 , 1, 52453911
829 , 1, 52129489
830 , 1, 52575041
831 , 1, 51358737
832 , 1, 51840597
833 , 0, 65545536
834 , 1, 51131559
835 , 1, 51696386
836 , 1, 49984696
837 , 1, 50590396
838 , 1, 51135253
839 , 1, 49002171
840 , 1, 50010593
841 , 1, 50364971
842 , 1, 48120726
843 , 1, 48893973
844 , 1, 48674591
845 , 1, 49905766
846 , 1, 47708212
847 , 1, 48845881
848 , 1, 48227575
849 , 1, 48097274
850 , 1, 48057782
851 , 1, 48349524
852 , 1, 47717964
853 , 1, 47949688
854 , 1, 48750390
855 , 1, 48307331
856 , 1, 48396742
857 , 0, 66156399
858 , 1, 48601428
859 , 1, 48079092
860 , 1, 48576000
861 , 1, 48667825
862 , 1, 48968805
863 , 1, 49018996
864 , 1, 48960053
865 , 1, 48958863
866 , 1, 49111083
867 , 1, 48973315
868 , 1, 48898314
869 , 1, 50154093
870 , 1, 47899326
871 , 1, 48288448
872 , 1, 49428193
873 , 1, 47770889
874 , 1, 48104993
875 , 1, 48871267
876 , 1, 48667990
877 , 1, 49747257
878 , 1, 47731913
879 , 1, 48190521
880 , 1, 48365728
881 , 0, 66607047
882 , 1, 48696707
883 , 1, 48019014
884 , 1, 48925783
885 , 1, 49137410
886 , 1, 49077228
887 , 1, 49111946
888 , 1, 49159719
889 , 1, 49250622
890 , 1, 49322047
891 , 1, 49269864
892 , 1, 49269836
893 , 1, 49244031
894 , 1, 49179095
895 , 1, 50426274
896 , 1, 47898258
897 , 1, 48784656
898 , 1, 49076502
899 , 1, 48739986
900 , 1, 50065431
901 , 1, 48679906
902 , 1, 48774055
903 , 1, 48032548
904 , 1, 49942693
905 , 0, 66696377
906 , 1, 48007579
907 , 1, 49276176
908 , 1, 50210742
909 , 1, 48246673
910 , 1, 48914949
911 , 1, 49254281
912 , 1, 50299166
913 , 1, 48563559
914 , 1, 49409124
915 , 1, 49467042
916 , 1, 49352051
917 , 1, 49470051
918 , 1, 49476084
919 , 1, 49592432
920 , 1, 49597905
921 , 1, 49598297
922 , 1, 49657962
923 , 1, 49866165
924 , 1, 49767676
925 , 1, 49615700
926 , 1, 49700290
927 , 1, 49618437
928 , 1, 51016594
929 , 0, 65958381
930 , 1, 49499814
931 , 1, 49645907
932 , 1, 49695528
933 , 1, 49832021
934 , 1, 49571048
935 , 1, 49574927
936 , 1, 49758816
937 , 1, 49863983
938 , 1, 49897235
939 , 1, 49986429
940 , 1, 50048955
941 , 1, 49858743
942 , 1, 51122763
943 , 1, 49038060
944 , 1, 49601598
945 , 1, 49854746
946 , 1, 49811695
947 , 1, 49706182
948 , 1, 50746547
949 , 1, 48975143
950 , 1, 49477253
951 , 1, 49686568
952 , 1, 50696078
953 , 0, 65495896
954 , 1, 49337989
955 , 1, 50033773
956 , 1, 48829172
957 , 1, 48810317
958 , 1, 48843459
959 , 1, 49659961
960 , 1, 48813951
961 , 1, 49355870
962 , 0, 59221776
963 , 1, 47371367
964 , 1, 47358181
965 , 1, 47386770
966 , 1, 47341467
967 , 1, 47336159
968 , 1, 47296176
969 , 1, 47226567
970 , 1, 47233182
971 , 1, 47176367
972 , 1, 47508208
973 , 1, 47353762
974 , 1, 47331228
975 , 1, 47473655
976 , 1, 47395684
977 , 1, 47400534
978 , 1, 47412545
979 , 1, 47455821
980 , 1, 47425698
981 , 1, 47511502
982 , 1, 47529045
983 , 1, 47564900
984 , 1, 47495867
985 , 1, 47497589
986 , 0, 59239479
987 , 1, 47594881
988 , 1, 47572006
989 , 1, 47755630
990 , 1, 47758895
991 , 1, 47565652
992 , 1, 47678798
993 , 1, 47682681
994 , 1, 47712931
995 , 1, 47817038
996 , 1, 47840765
997 , 1, 47795419
998 , 1, 47897635
999 , 1, 47932041
1000 , 1, 47903239
1001 , 1, 47881102
1002 , 1, 48033617
1003 , 1, 48070913
1004 , 1, 48360888
1005 , 1, 48150994
1006 , 1, 48177076
1007 , 1, 48267385
1008 , 1, 48225845
1009 , 1, 48260011
1010 , 0, 59742383
1011 , 1, 48278779
1012 , 1, 48294889
1013 , 1, 48376644
1014 , 1, 48449711
1015 , 1, 48440419
1016 , 1, 48438987
1017 , 1, 48521149
1018 , 1, 48377411
1019 , 1, 48362420
1020 , 1, 48262604
1021 , 1, 48547371
1022 , 1, 48326558
1023 , 1, 48403407
1024 , 1, 48202314
1025 , 1, 48194230
1026 , 1, 48143312
1027 , 1, 48049035
1028 , 1, 48205479
1029 , 1, 48160084
1030 , 1, 48121392
1031 , 1, 48022307
1032 , 1, 48045104
1033 , 1, 47955303
1034 , 0, 59851412
1035 , 1, 48017421
1036 , 1, 47862673
1037 , 1, 47846608
1038 , 1, 47877622
1039 , 1, 47837648
1040 , 1, 47606900
1041 , 1, 47644803
1042 , 1, 47547228
1043 , 1, 47432182
1044 , 1, 47741724
1045 , 1, 47420196
1046 , 1, 47431970
1047 , 1, 47414523
1048 , 1, 47604643
1049 , 1, 47527812
1050 , 1, 47478021
1051 , 1, 47507473
1052 , 1, 47618912
1053 , 1, 47500427
1054 , 1, 47631388
1055 , 1, 47583348
1056 , 1, 47648485
1057 , 1, 47588306
1058 , 0, 59825841
1059 , 1, 47846725
1060 , 1, 47589218
1061 , 1, 47650823
1062 , 1, 47768736
1063 , 1, 47671696
1064 , 1, 47816005
1065 , 1, 47630331
1066 , 1, 47682179
1067 , 1, 47705649
1068 , 1, 47603483
1069 , 1, 47601671
1070 , 1, 47657711
1071 , 1, 47676398
1072 , 0, 59777200
1073 , 1, 48940572
1074 , 1, 48349830
1075 , 1, 48309526
1076 , 1, 48503006
1077 , 1, 48648456
1078 , 1, 48660394
1079 , 1, 48667700
1080 , 1, 48584862
1081 , 1, 48497739
1082 , 1, 48591632
1083 , 1, 48466940
1084 , 1, 48379519
1085 , 1, 48257168
1086 , 1, 48406193
1087 , 1, 48118234
1088 , 1, 48294754
1089 , 1, 48289903
1090 , 1, 48269125
1091 , 1, 48148972
1092 , 1, 48078720
1093 , 1, 48099287
1094 , 1, 48095193
1095 , 1, 48236051
1096 , 0, 59916609
1097 , 1, 48402408
1098 , 1, 48127065
1099 , 1, 48189933
1100 , 1, 48459489
1101 , 1, 48488354
1102 , 1, 48349311
1103 , 1, 48335372
1104 , 1, 48591274
1105 , 1, 48531896
1106 , 1, 48409860
1107 , 1, 48075601
1108 , 1, 48330133
1109 , 1, 48282703
1110 , 1, 48138871
1111 , 1, 47986319
1112 , 1, 47919230
1113 , 1, 47662187
1114 , 1, 47743847
1115 , 1, 47691115
1116 , 1, 48145012
1117 , 1, 48395144
1118 , 1, 48590669
1119 , 1, 48725988
1120 , 0, 60017430
1121 , 1, 48752919
1122 , 1, 48914502
1123 , 1, 48985815
1124 , 1, 49021564
1125 , 1, 49012530
1126 , 1, 48852368
1127 , 1, 49010383
1128 , 1, 49010941
1129 , 1, 48862025
1130 , 1, 49105198
1131 , 1, 49030798
1132 , 1, 48934388
1133 , 1, 48839959
1134 , 1, 48667248
1135 , 1, 48615733
1136 , 1, 48588840
1137 , 1, 48780593
1138 , 1, 48582106
1139 , 1, 48450391
1140 , 1, 48356438
1141 , 1, 48173587
1142 , 1, 47987045
1143 , 1, 47986942
1144 , 0, 60193333
1145 , 1, 47895803
1146 , 1, 48030027
1147 , 0, 63811158
1148 , 1, 48871041
1149 , 1, 47740485
1150 , 1, 47788240
1151 , 1, 47536017
1152 , 1, 47714890
1153 , 1, 47651891
1154 , 1, 47941085
1155 , 1, 47890559
1156 , 1, 47894277
1157 , 1, 47951913
1158 , 1, 47913882
1159 , 1, 47784757
1160 , 1, 47766917
1161 , 1, 47708008
1162 , 1, 47632113
1163 , 1, 48020236
1164 , 1, 47603680
1165 , 1, 48063614
1166 , 1, 48120773
1167 , 1, 48161261
1168 , 1, 48163066
1169 , 1, 48133288
1170 , 1, 48217422
1171 , 0, 64183558
1172 , 1, 48167502
1173 , 1, 48083107
1174 , 1, 48198934
1175 , 1, 48564774
1176 , 1, 48381514
1177 , 1, 48310160
1178 , 1, 48208620
1179 , 1, 48440416
1180 , 1, 48539782
1181 , 1, 48386047
1182 , 1, 48665552
1183 , 1, 48514670
1184 , 1, 48353029
1185 , 1, 48361708
1186 , 1, 48571162
1187 , 1, 48331413
1188 , 1, 48713024
1189 , 1, 48443260
1190 , 1, 48827457
1191 , 1, 48535659
1192 , 1, 48708838
1193 , 1, 48427392
1194 , 1, 48877309
1195 , 0, 63571768
1196 , 1, 48949993
1197 , 1, 48682923
1198 , 1, 48476595
1199 , 1, 48878686
1200 , 1, 49300060
1201 , 1, 48572284
1202 , 1, 49112231
1203 , 1, 48819771
1204 , 1, 49461299
1205 , 1, 48951089
1206 , 1, 49587208
1207 , 1, 49384992
1208 , 1, 49252893
1209 , 1, 49252917
1210 , 1, 49342202
1211 , 1, 49324185
1212 , 1, 51213932
1213 , 1, 49169019
1214 , 1, 49473519
1215 , 1, 49507130
1216 , 1, 49353108
1217 , 1, 49378223
1218 , 1, 49180911
1219 , 0, 59881786
1220 , 1, 49028340
1221 , 1, 49105390
1222 , 1, 49085193
1223 , 1, 49094628
1224 , 1, 49002692
1225 , 1, 49334426
1226 , 1, 49074183
1227 , 1, 49250892
1228 , 1, 48965112
1229 , 1, 48932097
1230 , 1, 48972902
1231 , 1, 49002455
1232 , 1, 48968802
1233 , 1, 49082925
1234 , 1, 48997446
1235 , 1, 48972331
1236 , 1, 48977136
1237 , 1, 48975885
1238 , 1, 48857458
1239 , 1, 49008504
1240 , 1, 48875538
1241 , 1, 48689332
1242 , 1, 48660815
1243 , 0, 60028224
1244 , 1, 48581968
1245 , 1, 48799649
1246 , 1, 48715378
1247 , 1, 48863204
1248 , 1, 48751025
1249 , 1, 48813867
1250 , 1, 48845637
1251 , 1, 49143294
1252 , 1, 49052269
1253 , 1, 49063727
1254 , 1, 49136790
1255 , 1, 49172285
1256 , 1, 49115915
1257 , 1, 49096411
1258 , 1, 48959080
1259 , 1, 49286984
1260 , 1, 49187761
1261 , 1, 49107838
1262 , 1, 49059775
1263 , 1, 49012698
1264 , 1, 48916206
1265 , 1, 49395961
1266 , 1, 50043108
1267 , 0, 60055903
1268 , 1, 50695638
1269 , 1, 50635360
1270 , 1, 50657074
1271 , 1, 50884023
1272 , 1, 50924042
1273 , 1, 50931227
1274 , 1, 50564135
1275 , 1, 50326325
1276 , 1, 50035580
1277 , 1, 50181191
1278 , 1, 49885355
1279 , 1, 49771342
1280 , 1, 49407921
1281 , 1, 48987388
1282 , 0, 61044263
1283 , 1, 48252466
1284 , 1, 47661301
1285 , 1, 47491923
1286 , 1, 47479000
1287 , 1, 47462383
1288 , 1, 47420201
1289 , 1, 47439489
1290 , 1, 47538451
1291 , 1, 47360458
1292 , 1, 47451271
1293 , 1, 47416704
1294 , 1, 47338920
1295 , 1, 47395607
1296 , 1, 47631702
1297 , 1, 47533074
1298 , 1, 47456239
1299 , 1, 47593749
1300 , 1, 47509210
1301 , 1, 47465733
1302 , 1, 47624437
1303 , 1, 47394181
1304 , 1, 47440380
1305 , 1, 47745764
1306 , 0, 61247965
1307 , 1, 47805122
1308 , 1, 47457019
1309 , 1, 47555936
1310 , 1, 47517814
1311 , 1, 47671675
1312 , 1, 47632425
1313 , 1, 47430382
1314 , 1, 47608146
1315 , 1, 47479034
1316 , 1, 47402583
1317 , 1, 47577751
1318 , 1, 47361443
1319 , 1, 47457480
1320 , 1, 47545030
1321 , 1, 47415545
1322 , 1, 47546078
1323 , 1, 47429021
1324 , 1, 47538601
1325 , 1, 47513016
1326 , 1, 47569902
1327 , 0, 62902566
1328 , 1, 48282146
1329 , 1, 47641555
1330 , 1, 47496823
1331 , 1, 47489471
1332 , 1, 47436777
1333 , 1, 47432395
1334 , 1, 47583474
1335 , 1, 47466929
1336 , 1, 47460810
1337 , 1, 47516423
1338 , 1, 47552027
1339 , 1, 47516533
1340 , 1, 47654387
1341 , 1, 47566122
1342 , 1, 47534478
1343 , 1, 47548070
1344 , 1, 47540489
1345 , 1, 47492670
1346 , 1, 47639864
1347 , 1, 47585866
1348 , 1, 47705419
1349 , 1, 47752552
1350 , 1, 47676050
1351 , 0, 63102858
1352 , 1, 47690100
1353 , 1, 47588327
1354 , 1, 47639845
1355 , 1, 47550286
1356 , 1, 47597793
1357 , 1, 47647996
1358 , 1, 47650169
1359 , 1, 47606576
1360 , 1, 47667082
1361 , 1, 47683284
1362 , 1, 47529594
1363 , 1, 47706711
1364 , 1, 47515653
1365 , 1, 47530659
1366 , 1, 47815408
1367 , 1, 47604749
1368 , 1, 47728483
1369 , 1, 47684624
1370 , 1, 47575643
1371 , 1, 47561658
1372 , 1, 47463518
1373 , 1, 47635766
1374 , 1, 47404621
1375 , 0, 62927618
1376 , 1, 47427010
1377 , 1, 47423980
1378 , 1, 47359069
1379 , 0, 60006856
1380 , 1, 48793151
1381 , 1, 48748077
1382 , 1, 48934854
1383 , 1, 48579596
1384 , 1, 48626637
1385 , 1, 48429769
1386 , 1, 48563023
1387 , 1, 48644187
1388 , 1, 49057813
1389 , 1, 48928248
1390 , 1, 48936720
1391 , 1, 48606579
1392 , 1, 48571610
1393 , 1, 48792286
1394 , 1, 48920936
1395 , 1, 48805740
1396 , 1, 48901736
1397 , 1, 48826751
1398 , 1, 48985049
1399 , 1, 49412444
1400 , 1, 49829607
1401 , 1, 50198324
1402 , 1, 50190376
1403 , 0, 60104158
1404 , 1, 50428158
1405 , 1, 50720840
1406 , 1, 50687898
1407 , 1, 50738052
1408 , 1, 50795509
1409 , 1, 50791460
1410 , 1, 51002212
1411 , 1, 50834747
1412 , 1, 50677231
1413 , 1, 50431158
1414 , 1, 50508304
1415 , 1, 50475621
1416 , 1, 50613912
1417 , 1, 50450718
1418 , 1, 50317247
1419 , 1, 50077717
1420 , 1, 49835476
1421 , 1, 49155714
1422 , 1, 49196582
1423 , 1, 49376497
1424 , 1, 49563866
1425 , 1, 49488461
1426 , 1, 49587760
1427 , 0, 60086446
1428 , 1, 49080007
1429 , 0, 64467322
1430 , 1, 50607574
1431 , 1, 48826718
1432 , 1, 49573649
1433 , 1, 51202085
1434 , 1, 50886833
1435 , 1, 51123699
1436 , 1, 51620479
1437 , 1, 51933130
1438 , 1, 52312318
1439 , 1, 52478263
1440 , 1, 52517070
1441 , 1, 53086093
1442 , 1, 52810591
1443 , 1, 53453706
1444 , 1, 53071817
1445 , 1, 53765985
1446 , 1, 53757973
1447 , 1, 53871338
1448 , 1, 53982580
1449 , 1, 54354884
1450 , 1, 54220180
1451 , 1, 54395387
1452 , 1, 54526522
1453 , 0, 64932407
1454 , 1, 54550202
1455 , 1, 54715533
1456 , 1, 54561302
1457 , 1, 54959521
1458 , 1, 55175452
1459 , 1, 55044026
1460 , 1, 55441479
1461 , 1, 55326028
1462 , 1, 56107870
1463 , 1, 55685047
1464 , 1, 55411760
1465 , 1, 55285563
1466 , 1, 55689986
1467 , 1, 55588742
1468 , 1, 55785517
1469 , 1, 55780216
1470 , 1, 55786237
1471 , 1, 55965333
1472 , 1, 55850525
1473 , 1, 55830411
1474 , 0, 64720909
1475 , 1, 56210811
1476 , 1, 56098679
1477 , 1, 55848962
1478 , 1, 56031354
1479 , 1, 56072466
1480 , 1, 55929067
1481 , 1, 55813726
1482 , 0, 64485697
1483 , 1, 55790748
1484 , 0, 64552294
1485 , 1, 55918676
1486 , 1, 56089386
1487 , 1, 55775184
1488 , 1, 55535647
1489 , 1, 55524461
1490 , 1, 55532205
1491 , 1, 55265588
1492 , 1, 55123874
1493 , 1, 55137245
1494 , 1, 55016591
1495 , 1, 54818120
1496 , 1, 54818922
1497 , 1, 54753301
1498 , 1, 54539613
1499 , 1, 54381993
1500 , 1, 54318244
1501 , 1, 54132837
1502 , 1, 54438872
1503 , 1, 54634687
1504 , 1, 54531807
1505 , 1, 54463989
1506 , 1, 54566765
1507 , 1, 54554182
1508 , 0, 63878269
1509 , 1, 54300696
1510 , 1, 54180463
1511 , 1, 53879586
1512 , 1, 53891022
1513 , 1, 53694466
1514 , 1, 53392740
1515 , 1, 53199528
1516 , 1, 53350963
1517 , 1, 53064699
1518 , 1, 53038578
1519 , 1, 52847270
1520 , 1, 53101402
1521 , 1, 52939070
1522 , 1, 52724612
1523 , 1, 52954426
1524 , 1, 52424172
1525 , 1, 52377051
1526 , 1, 52526477
1527 , 1, 52052003
1528 , 1, 52297267
1529 , 1, 51521291
1530 , 1, 51231328
1531 , 1, 50964674
1532 , 0, 63633949
1533 , 1, 50196321
1534 , 1, 49943462
1535 , 0, 60339116
1536 , 1, 50766750
1537 , 1, 50773293
1538 , 1, 50997116
1539 , 1, 51047874
1540 , 1, 51204788
1541 , 1, 51059584
1542 , 1, 51240935
1543 , 1, 51336269
1544 , 1, 51456315
1545 , 1, 51585442
1546 , 1, 51777195
1547 , 0, 60822695
1548 , 0, 60940171
1549 , 1, 51712364
1550 , 1, 51677576
1551 , 1, 51841271
1552 , 0, 60935472
1553 , 0, 60896916
1554 , 0, 60848385
1555 , 0, 60976176
1556 , 0, 61075340
1557 , 0, 60842467
1558 , 1, 51925965
1559 , 1, 51817329
1560 , 1, 51918799
1561 , 1, 51815239
1562 , 1, 51707911
1563 , 1, 51578301
1564 , 1, 51675817
1565 , 1, 51577535
1566 , 1, 51522099
1567 , 1, 51728665
1568 , 1, 51409697
1569 , 1, 51217341
1570 , 1, 51091664
1571 , 1, 50954046
1572 , 1, 50907626
1573 , 1, 50762180
1574 , 1, 50555039
1575 , 1, 50486245
1576 , 1, 50555840
1577 , 1, 50383444
1578 , 1, 50334895
1579 , 1, 50385271
1580 , 1, 50190535
1581 , 0, 61002533
1582 , 1, 50269239
1583 , 1, 50184728
1584 , 1, 50184913
1585 , 1, 50062824
1586 , 1, 50031200
1587 , 1, 50063315
1588 , 1, 49923471
1589 , 1, 50082628
1590 , 1, 49962454
1591 , 1, 50167049
1592 , 1, 50309881
1593 , 1, 50239272
1594 , 1, 50151843
1595 , 1, 50130565
1596 , 1, 50124939
1597 , 1, 50075233
1598 , 1, 49973349
1599 , 1, 49884145
1600 , 1, 49732236
1601 , 1, 49647171
1602 , 1, 49667702
1603 , 1, 49504321
1604 , 1, 49353298
1605 , 0, 61169481
1606 , 1, 49210241
1607 , 1, 49188518
1608 , 1, 49062126
1609 , 1, 48853636
1610 , 1, 48748450
1611 , 1, 48532509
1612 , 1, 48545325
1613 , 1, 48474621
1614 , 1, 48502714
1615 , 1, 48244002
1616 , 1, 48082777
1617 , 1, 48039587
1618 , 1, 47832283
1619 , 1, 47835682
1620 , 1, 47791872
1621 , 1, 47565272
1622 , 1, 47631099
1623 , 1, 47543902
1624 , 1, 47775202
1625 , 1, 47793602
1626 , 1, 47953267
1627 , 1, 47648131
1628 , 1, 47970793
1629 , 0, 61323707
1630 , 1, 48058690
1631 , 1, 47980508
1632 , 1, 47748945
1633 , 1, 47587121
1634 , 1, 47690603
1635 , 1, 47688411
1636 , 1, 47573197
1637 , 1, 47621025
1638 , 1, 47485410
1639 , 1, 47559976
1640 , 1, 47506441
1641 , 1, 47393421
1642 , 1, 47514722
1643 , 1, 47385754
1644 , 1, 47287028
1645 , 1, 47502574
1646 , 1, 47316415
1647 , 1, 47293517
1648 , 1, 47334271
1649 , 1, 47319658
1650 , 1, 47283424
1651 , 1, 47334500
1652 , 1, 47247572
1653 , 0, 61219327
1654 , 1, 47271976
1655 , 1, 47293055
1656 , 1, 47328553
1657 , 1, 47471687
1658 , 1, 47297459
1659 , 1, 47332617
1660 , 1, 47292658
1661 , 1, 47309660
1662 , 1, 47334397
1663 , 1, 47337738
1664 , 1, 47321279
1665 , 1, 47345429
1666 , 1, 47343094
1667 , 1, 47305656
1668 , 1, 47347985
1669 , 1, 47407233
1670 , 1, 47414095
1671 , 1, 47652667
1672 , 1, 47633468
1673 , 1, 48134065
1674 , 1, 48130522
1675 , 1, 48209536
1676 , 1, 48324187
1677 , 0, 61209837
1678 , 1, 48353472
1679 , 1, 48193973
1680 , 1, 48285219
1681 , 1, 48188592
1682 , 1, 47980608
1683 , 1, 47892319
1684 , 1, 47872741
1685 , 1, 48042197
1686 , 1, 47791461
1687 , 1, 47713112
1688 , 1, 47781165
1689 , 1, 47820816
1690 , 1, 47918847
1691 , 1, 48003295
1692 , 1, 47996427
1693 , 1, 48267725
1694 , 1, 48021948
1695 , 1, 48063680
1696 , 1, 48118130
1697 , 1, 48083507
1698 , 1, 48370410
1699 , 1, 48560048
1700 , 1, 48341677
1701 , 0, 61197841
1702 , 1, 48396603
1703 , 1, 48318155
1704 , 1, 48252848
1705 , 1, 48172979
1706 , 1, 48306038
1707 , 1, 48122765
1708 , 1, 48074417
1709 , 1, 48034913
1710 , 1, 47776682
1711 , 1, 47607713
1712 , 1, 48054969
1713 , 1, 48023507
1714 , 1, 48220189
1715 , 1, 48105408
1716 , 1, 48290429
1717 , 1, 48229351
1718 , 1, 48290490
1719 , 1, 48396524
1720 , 1, 48353316
1721 , 1, 48267496
1722 , 1, 48276451
1723 , 1, 48093543
1724 , 1, 48011254
1725 , 0, 61547694
1726 , 1, 47647225
1727 , 1, 47512569
1728 , 1, 47481758
1729 , 1, 47480765
