Copyright 1986-2022 Xilinx, Inc. All Rights Reserved.
----------------------------------------------------------------------------------------------------------------------------------------------------------------------------
| Tool Version     : Vivado v.2022.1 (win64) Build 3526262 Mon Apr 18 15:48:16 MDT 2022
| Date             : Mon Jan 13 14:07:55 2025
| Host             : ECE-MCU13 running 64-bit major release  (build 9200)
| Command          : report_power -file lab_prefab_wrapper_power_routed.rpt -pb lab_prefab_wrapper_power_summary_routed.pb -rpx lab_prefab_wrapper_power_routed.rpx
| Design           : lab_prefab_wrapper
| Device           : xc7z020clg400-1
| Design State     : routed
| Grade            : commercial
| Process          : typical
| Characterization : Production
----------------------------------------------------------------------------------------------------------------------------------------------------------------------------

Power Report

Table of Contents
-----------------
1. Summary
1.1 On-Chip Components
1.2 Power Supply Summary
1.3 Confidence Level
2. Settings
2.1 Environment
2.2 Clock Constraints
3. Detailed Reports
3.1 By Hierarchy

1. Summary
----------

+--------------------------+--------------+
| Total On-Chip Power (W)  | 1.842        |
| Design Power Budget (W)  | Unspecified* |
| Power Budget Margin (W)  | NA           |
| Dynamic (W)              | 1.694        |
| Device Static (W)        | 0.148        |
| Effective TJA (C/W)      | 11.5         |
| Max Ambient (C)          | 63.8         |
| Junction Temperature (C) | 46.2         |
| Confidence Level         | Low          |
| Setting File             | ---          |
| Simulation Activity File | ---          |
| Design Nets Matched      | NA           |
+--------------------------+--------------+
* Specify Design Power Budget using, set_operating_conditions -design_power_budget <value in Watts>


1.1 On-Chip Components
----------------------

+--------------------------+-----------+----------+-----------+-----------------+
| On-Chip                  | Power (W) | Used     | Available | Utilization (%) |
+--------------------------+-----------+----------+-----------+-----------------+
| Clocks                   |     0.036 |       11 |       --- |             --- |
| Slice Logic              |     0.007 |    13322 |       --- |             --- |
|   LUT as Logic           |     0.006 |     3942 |     53200 |            7.41 |
|   CARRY4                 |    <0.001 |      189 |     13300 |            1.42 |
|   Register               |    <0.001 |     6685 |    106400 |            6.28 |
|   LUT as Distributed RAM |    <0.001 |      146 |     17400 |            0.84 |
|   LUT as Shift Register  |    <0.001 |      317 |     17400 |            1.82 |
|   F7/F8 Muxes            |    <0.001 |       10 |     53200 |            0.02 |
|   Others                 |     0.000 |      755 |       --- |             --- |
| Signals                  |     0.010 |     9785 |       --- |             --- |
| Block RAM                |     0.002 |      6.5 |       140 |            4.64 |
| MMCM                     |     0.229 |        2 |         4 |           50.00 |
| I/O                      |     0.136 |       13 |       125 |           10.40 |
| PS7                      |     1.274 |        1 |       --- |             --- |
| Static Power             |     0.148 |          |           |                 |
| Total                    |     1.842 |          |           |                 |
+--------------------------+-----------+----------+-----------+-----------------+


1.2 Power Supply Summary
------------------------

+-----------+-------------+-----------+-------------+------------+-------------+-------------+------------+
| Source    | Voltage (V) | Total (A) | Dynamic (A) | Static (A) | Powerup (A) | Budget (A)  | Margin (A) |
+-----------+-------------+-----------+-------------+------------+-------------+-------------+------------+
| Vccint    |       1.000 |     0.074 |       0.058 |      0.016 |       NA    | Unspecified | NA         |
| Vccaux    |       1.800 |     0.143 |       0.127 |      0.016 |       NA    | Unspecified | NA         |
| Vcco33    |       3.300 |     0.042 |       0.041 |      0.001 |       NA    | Unspecified | NA         |
| Vcco25    |       2.500 |     0.000 |       0.000 |      0.000 |       NA    | Unspecified | NA         |
| Vcco18    |       1.800 |     0.000 |       0.000 |      0.000 |       NA    | Unspecified | NA         |
| Vcco15    |       1.500 |     0.000 |       0.000 |      0.000 |       NA    | Unspecified | NA         |
| Vcco135   |       1.350 |     0.000 |       0.000 |      0.000 |       NA    | Unspecified | NA         |
| Vcco12    |       1.200 |     0.000 |       0.000 |      0.000 |       NA    | Unspecified | NA         |
| Vccaux_io |       1.800 |     0.000 |       0.000 |      0.000 |       NA    | Unspecified | NA         |
| Vccbram   |       1.000 |     0.002 |       0.000 |      0.001 |       NA    | Unspecified | NA         |
| MGTAVcc   |       1.000 |     0.000 |       0.000 |      0.000 |       NA    | Unspecified | NA         |
| MGTAVtt   |       1.200 |     0.000 |       0.000 |      0.000 |       NA    | Unspecified | NA         |
| MGTVccaux |       1.800 |     0.000 |       0.000 |      0.000 |       NA    | Unspecified | NA         |
| Vccpint   |       1.000 |     0.697 |       0.665 |      0.032 |       NA    | Unspecified | NA         |
| Vccpaux   |       1.800 |     0.036 |       0.026 |      0.010 |       NA    | Unspecified | NA         |
| Vccpll    |       1.800 |     0.017 |       0.014 |      0.003 |       NA    | Unspecified | NA         |
| Vcco_ddr  |       1.500 |     0.354 |       0.352 |      0.002 |       NA    | Unspecified | NA         |
| Vcco_mio0 |       1.800 |     0.004 |       0.003 |      0.001 |       NA    | Unspecified | NA         |
| Vcco_mio1 |       1.800 |     0.003 |       0.002 |      0.001 |       NA    | Unspecified | NA         |
| Vccadc    |       1.800 |     0.020 |       0.000 |      0.020 |       NA    | Unspecified | NA         |
+-----------+-------------+-----------+-------------+------------+-------------+-------------+------------+


1.3 Confidence Level
--------------------

+-----------------------------+------------+--------------------------------------------------------+------------------------------------------------------------------------------------------------------------+
| User Input Data             | Confidence | Details                                                | Action                                                                                                     |
+-----------------------------+------------+--------------------------------------------------------+------------------------------------------------------------------------------------------------------------+
| Design implementation state | High       | Design is routed                                       |                                                                                                            |
| Clock nodes activity        | High       | User specified more than 95% of clocks                 |                                                                                                            |
| I/O nodes activity          | Low        | More than 75% of inputs are missing user specification | Provide missing input activity with simulation results or by editing the "By Resource Type -> I/Os" view   |
| Internal nodes activity     | Medium     | User specified less than 25% of internal nodes         | Provide missing internal nodes activity with simulation results or by editing the "By Resource Type" views |
| Device models               | High       | Device models are Production                           |                                                                                                            |
|                             |            |                                                        |                                                                                                            |
| Overall confidence level    | Low        |                                                        |                                                                                                            |
+-----------------------------+------------+--------------------------------------------------------+------------------------------------------------------------------------------------------------------------+


2. Settings
-----------

2.1 Environment
---------------

+-----------------------+------------------------+
| Ambient Temp (C)      | 25.0                   |
| ThetaJA (C/W)         | 11.5                   |
| Airflow (LFM)         | 250                    |
| Heat Sink             | none                   |
| ThetaSA (C/W)         | 0.0                    |
| Board Selection       | medium (10"x10")       |
| # of Board Layers     | 8to11 (8 to 11 Layers) |
| Board Temperature (C) | 25.0                   |
+-----------------------+------------------------+


2.2 Clock Constraints
---------------------

+---------------------------------+-------------------------------------------------------------------------------+-----------------+
| Clock                           | Domain                                                                        | Constraint (ns) |
+---------------------------------+-------------------------------------------------------------------------------+-----------------+
| CLKFBIN                         | lab_prefab_i/rgb2dvi_0/U0/ClockGenInternal.ClockGenX/CLKFBIN                  |            13.5 |
| FeedbackClkOut                  | lab_prefab_i/rgb2dvi_0/U0/ClockGenInternal.ClockGenX/FeedbackClkOut           |            13.5 |
| PixelClkIO                      | lab_prefab_i/rgb2dvi_0/U0/ClockGenInternal.ClockGenX/GenMMCM.PixelClkBuffer_0 |            13.5 |
| PixelClkInX5                    | lab_prefab_i/rgb2dvi_0/U0/ClockGenInternal.ClockGenX/PixelClkInX5             |             2.7 |
| clk_fpga_0                      | lab_prefab_i/ps7_0/inst/FCLK_CLK0                                             |            10.0 |
| clk_fpga_0                      | lab_prefab_i/ps7_0/inst/FCLK_CLK_unbuffered[0]                                |            10.0 |
| clk_fpga_1                      | lab_prefab_i/ps7_0/inst/FCLK_CLK_unbuffered[1]                                |             7.0 |
| clk_out1_lab_prefab_clk_wiz_0_0 | lab_prefab_i/clk_wiz_0/inst/clk_out1_lab_prefab_clk_wiz_0_0                   |            13.5 |
| clkfbout_lab_prefab_clk_wiz_0_0 | lab_prefab_i/clk_wiz_0/inst/clkfbout_lab_prefab_clk_wiz_0_0                   |            40.0 |
+---------------------------------+-------------------------------------------------------------------------------+-----------------+


3. Detailed Reports
-------------------

3.1 By Hierarchy
----------------

+------------------------+-----------+
| Name                   | Power (W) |
+------------------------+-----------+
| lab_prefab_wrapper     |     1.694 |
|   lab_prefab_i         |     1.694 |
|     axi_dma_0          |     0.009 |
|       U0               |     0.009 |
|     axi_mem_intercon_1 |     0.002 |
|       s00_couplers     |     0.002 |
|     axi_vdma_0         |     0.014 |
|       U0               |     0.014 |
|     clk_wiz_0          |     0.117 |
|       inst             |     0.117 |
|     ps7_0              |     1.276 |
|       inst             |     1.276 |
|     ps7_0_axi_periph   |     0.004 |
|       s00_couplers     |     0.004 |
|     ps7_0_axi_periph_1 |     0.014 |
|       s00_couplers     |     0.014 |
|     rgb2dvi_0          |     0.251 |
|       U0               |     0.251 |
|     v_axi4s_vid_out_0  |     0.005 |
|       inst             |     0.005 |
+------------------------+-----------+


