Copyright 1986-2022 Xilinx, Inc. All Rights Reserved.
------------------------------------------------------------------------------------------------
| Tool Version : Vivado v.2022.1 (win64) Build 3526262 Mon Apr 18 15:48:16 MDT 2022
| Date         : Mon Jan 13 14:07:56 2025
| Host         : ECE-MCU13 running 64-bit major release  (build 9200)
| Command      : report_clock_utilization -file lab_prefab_wrapper_clock_utilization_routed.rpt
| Design       : lab_prefab_wrapper
| Device       : 7z020-clg400
| Speed File   : -1  PRODUCTION 1.12 2019-11-22
| Design State : Routed
------------------------------------------------------------------------------------------------

Clock Utilization Report

Table of Contents
-----------------
1. Clock Primitive Utilization
2. Global Clock Resources
3. Global Clock Source Details
4. Clock Regions: Key Resource Utilization
5. Clock Regions : Global Clock Summary
6. Device Cell Placement Summary for Global Clock g0
7. Device Cell Placement Summary for Global Clock g1
8. Device Cell Placement Summary for Global Clock g2
9. Device Cell Placement Summary for Global Clock g3
10. Device Cell Placement Summary for Global Clock g4
11. Device Cell Placement Summary for Global Clock g5
12. Clock Region Cell Placement per Global Clock: Region X0Y0
13. Clock Region Cell Placement per Global Clock: Region X1Y0
14. Clock Region Cell Placement per Global Clock: Region X0Y1
15. Clock Region Cell Placement per Global Clock: Region X1Y1
16. Clock Region Cell Placement per Global Clock: Region X0Y2
17. Clock Region Cell Placement per Global Clock: Region X1Y2

1. Clock Primitive Utilization
------------------------------

+----------+------+-----------+-----+--------------+--------+
| Type     | Used | Available | LOC | Clock Region | Pblock |
+----------+------+-----------+-----+--------------+--------+
| BUFGCTRL |    4 |        32 |   0 |            0 |      0 |
| BUFH     |    0 |        72 |   0 |            0 |      0 |
| BUFIO    |    1 |        16 |   0 |            0 |      0 |
| BUFMR    |    0 |         8 |   0 |            0 |      0 |
| BUFR     |    2 |        16 |   0 |            0 |      0 |
| MMCM     |    2 |         4 |   0 |            0 |      0 |
| PLL      |    0 |         4 |   0 |            0 |      0 |
+----------+------+-----------+-----+--------------+--------+


2. Global Clock Resources
-------------------------

+-----------+-----------+-----------------+------------+----------------+--------------+-------------------+-------------+-----------------+--------------+---------------------------------+-------------------------------------------------------------------------------+-------------------------------------------------------------------------------+
| Global Id | Source Id | Driver Type/Pin | Constraint | Site           | Clock Region | Load Clock Region | Clock Loads | Non-Clock Loads | Clock Period | Clock                           | Driver Pin                                                                    | Net                                                                           |
+-----------+-----------+-----------------+------------+----------------+--------------+-------------------+-------------+-----------------+--------------+---------------------------------+-------------------------------------------------------------------------------+-------------------------------------------------------------------------------+
| g0        | src0      | BUFG/O          | None       | BUFGCTRL_X0Y16 | n/a          |                 5 |        3656 |               0 |       10.000 | clk_fpga_0                      | lab_prefab_i/ps7_0/inst/buffer_fclk_clk_0.FCLK_CLK_0_BUFG/O                   | lab_prefab_i/ps7_0/inst/FCLK_CLK0                                             |
| g1        | src1      | BUFG/O          | None       | BUFGCTRL_X0Y17 | n/a          |                 6 |        2998 |               0 |        7.000 | clk_fpga_1                      | lab_prefab_i/ps7_0/inst/buffer_fclk_clk_1.FCLK_CLK_1_BUFG/O                   | lab_prefab_i/ps7_0/inst/FCLK_CLK1                                             |
| g2        | src2      | BUFG/O          | None       | BUFGCTRL_X0Y0  | n/a          |                 3 |         545 |               0 |       13.468 | clk_out1_lab_prefab_clk_wiz_0_0 | lab_prefab_i/clk_wiz_0/inst/clkout1_buf/O                                     | lab_prefab_i/clk_wiz_0/inst/clk_out1                                          |
| g3        | src3      | BUFR/O          | None       | BUFR_X1Y9      | X1Y2         |                 1 |           8 |               0 |       13.468 | PixelClkIO                      | lab_prefab_i/rgb2dvi_0/U0/ClockGenInternal.ClockGenX/GenMMCM.PixelClkBuffer/O | lab_prefab_i/rgb2dvi_0/U0/ClockGenInternal.ClockGenX/GenMMCM.PixelClkBuffer_0 |
| g4        | src4      | BUFG/O          | None       | BUFGCTRL_X0Y1  | n/a          |                 1 |           1 |               0 |       40.000 | clkfbout_lab_prefab_clk_wiz_0_0 | lab_prefab_i/clk_wiz_0/inst/clkf_buf/O                                        | lab_prefab_i/clk_wiz_0/inst/clkfbout_buf_lab_prefab_clk_wiz_0_0               |
| g5        | src5      | BUFR/O          | None       | BUFR_X1Y8      | X1Y2         |                 1 |           1 |               0 |       13.468 | CLKFBIN                         | lab_prefab_i/rgb2dvi_0/U0/ClockGenInternal.ClockGenX/GenMMCM.Deskew/O         | lab_prefab_i/rgb2dvi_0/U0/ClockGenInternal.ClockGenX/CLKFBIN                  |
+-----------+-----------+-----------------+------------+----------------+--------------+-------------------+-------------+-----------------+--------------+---------------------------------+-------------------------------------------------------------------------------+-------------------------------------------------------------------------------+
* Clock Loads column represents the clock pin loads (pin count). Internal cell leaf pins are not counted
** Non-Clock Loads column represents the non-clock pin loads (pin count)


3. Global Clock Source Details
------------------------------

+-----------+-----------+---------------------+------------+-----------------+--------------+-------------+-----------------+---------------------+---------------------------------+----------------------------------------------------------------------------------------+---------------------------------------------------------------------+
| Source Id | Global Id | Driver Type/Pin     | Constraint | Site            | Clock Region | Clock Loads | Non-Clock Loads | Source Clock Period | Source Clock                    | Driver Pin                                                                             | Net                                                                 |
+-----------+-----------+---------------------+------------+-----------------+--------------+-------------+-----------------+---------------------+---------------------------------+----------------------------------------------------------------------------------------+---------------------------------------------------------------------+
| src0      | g0        | PS7/FCLKCLK[0]      | PS7_X0Y0   | PS7_X0Y0        | X0Y2         |           1 |               0 |              10.000 | clk_fpga_0                      | lab_prefab_i/ps7_0/inst/PS7_i/FCLKCLK[0]                                               | lab_prefab_i/ps7_0/inst/FCLK_CLK_unbuffered[0]                      |
| src1      | g1        | PS7/FCLKCLK[1]      | PS7_X0Y0   | PS7_X0Y0        | X0Y2         |           1 |               0 |               7.000 | clk_fpga_1                      | lab_prefab_i/ps7_0/inst/PS7_i/FCLKCLK[1]                                               | lab_prefab_i/ps7_0/inst/FCLK_CLK_unbuffered[1]                      |
| src2      | g2        | MMCME2_ADV/CLKOUT0  | None       | MMCME2_ADV_X1Y0 | X1Y0         |           1 |               0 |              13.468 | clk_out1_lab_prefab_clk_wiz_0_0 | lab_prefab_i/clk_wiz_0/inst/mmcm_adv_inst/CLKOUT0                                      | lab_prefab_i/clk_wiz_0/inst/clk_out1_lab_prefab_clk_wiz_0_0         |
| src3      | g3        | MMCME2_ADV/CLKOUT0  | None       | MMCME2_ADV_X1Y2 | X1Y2         |           2 |               0 |               2.694 | PixelClkInX5                    | lab_prefab_i/rgb2dvi_0/U0/ClockGenInternal.ClockGenX/GenMMCM.DVI_ClkGenerator/CLKOUT0  | lab_prefab_i/rgb2dvi_0/U0/ClockGenInternal.ClockGenX/PixelClkInX5   |
| src4      | g4        | MMCME2_ADV/CLKFBOUT | None       | MMCME2_ADV_X1Y0 | X1Y0         |           1 |               0 |              40.000 | clkfbout_lab_prefab_clk_wiz_0_0 | lab_prefab_i/clk_wiz_0/inst/mmcm_adv_inst/CLKFBOUT                                     | lab_prefab_i/clk_wiz_0/inst/clkfbout_lab_prefab_clk_wiz_0_0         |
| src5      | g5        | MMCME2_ADV/CLKFBOUT | None       | MMCME2_ADV_X1Y2 | X1Y2         |           1 |               0 |              13.468 | FeedbackClkOut                  | lab_prefab_i/rgb2dvi_0/U0/ClockGenInternal.ClockGenX/GenMMCM.DVI_ClkGenerator/CLKFBOUT | lab_prefab_i/rgb2dvi_0/U0/ClockGenInternal.ClockGenX/FeedbackClkOut |
+-----------+-----------+---------------------+------------+-----------------+--------------+-------------+-----------------+---------------------+---------------------------------+----------------------------------------------------------------------------------------+---------------------------------------------------------------------+
* Clock Loads column represents the clock pin loads (pin count). Internal cell leaf pins are not counted
** Non-Clock Loads column represents the non-clock pin loads (pin count)


4. Clock Regions: Key Resource Utilization
------------------------------------------

+-------------------+--------------+--------------+--------------+--------------+--------------+--------------+--------------+--------------+--------------+--------------+--------------+--------------+--------------+--------------+--------------+
|                   | Global Clock |     BUFRs    |    BUFMRs    |    BUFIOs    |     MMCM     |      PLL     |      GT      |      PCI     |    ILOGIC    |    OLOGIC    |      FF      |     LUTM     |    RAMB18    |    RAMB36    |    DSP48E2   |
+-------------------+------+-------+------+-------+------+-------+------+-------+------+-------+------+-------+------+-------+------+-------+------+-------+------+-------+------+-------+------+-------+------+-------+------+-------+------+-------+
| Clock Region Name | Used | Avail | Used | Avail | Used | Avail | Used | Avail | Used | Avail | Used | Avail | Used | Avail | Used | Avail | Used | Avail | Used | Avail | Used | Avail | Used | Avail | Used | Avail | Used | Avail | Used | Avail |
+-------------------+------+-------+------+-------+------+-------+------+-------+------+-------+------+-------+------+-------+------+-------+------+-------+------+-------+------+-------+------+-------+------+-------+------+-------+------+-------+
| X0Y0              |    2 |    12 |    0 |     4 |    0 |     2 |    0 |     4 |    0 |     1 |    0 |     1 |    0 |     0 |    0 |     0 |    0 |    50 |    0 |    50 | 1166 |  2500 |  468 |  1000 |    0 |    60 |    4 |    30 |    0 |    60 |
| X1Y0              |    3 |    12 |    0 |     4 |    0 |     2 |    0 |     4 |    1 |     1 |    0 |     1 |    0 |     0 |    0 |     0 |    0 |    50 |    0 |    50 |   54 |  3200 |   42 |   850 |    0 |    60 |    0 |    30 |    0 |    40 |
| X0Y1              |    3 |    12 |    0 |     0 |    0 |     0 |    0 |     0 |    0 |     0 |    0 |     0 |    0 |     0 |    0 |     0 |    0 |     0 |    0 |     0 | 3326 |  1200 | 1473 |   400 |    0 |    20 |    0 |    10 |    0 |    20 |
| X1Y1              |    3 |    12 |    0 |     4 |    0 |     2 |    0 |     4 |    0 |     1 |    0 |     1 |    0 |     0 |    0 |     0 |    0 |    50 |    0 |    50 |  579 |  2600 |  219 |   850 |    0 |    60 |    1 |    30 |    0 |    40 |
| X0Y2              |    2 |    12 |    0 |     0 |    0 |     0 |    0 |     0 |    0 |     0 |    0 |     0 |    0 |     0 |    0 |     0 |    0 |     0 |    0 |     0 | 1237 |  1200 |  399 |   400 |    0 |    20 |    0 |    10 |    0 |    20 |
| X1Y2              |    5 |    12 |    2 |     4 |    0 |     2 |    1 |     4 |    1 |     1 |    0 |     1 |    0 |     0 |    0 |     0 |    0 |    50 |    8 |    50 |  323 |  2600 |  120 |   850 |    0 |    60 |    0 |    30 |    0 |    40 |
+-------------------+------+-------+------+-------+------+-------+------+-------+------+-------+------+-------+------+-------+------+-------+------+-------+------+-------+------+-------+------+-------+------+-------+------+-------+------+-------+
* Global Clock column represents track count; while other columns represents cell counts


5. Clock Regions : Global Clock Summary
---------------------------------------

All Modules
+----+----+----+
|    | X0 | X1 |
+----+----+----+
| Y2 |  2 |  5 |
| Y1 |  3 |  3 |
| Y0 |  2 |  3 |
+----+----+----+


6. Device Cell Placement Summary for Global Clock g0
----------------------------------------------------

+-----------+-----------------+-------------------+------------+-------------+---------------+-------------+----------+----------------+----------+-----------------------------------+
| Global Id | Driver Type/Pin | Driver Region (D) | Clock      | Period (ns) | Waveform (ns) | Slice Loads | IO Loads | Clocking Loads | GT Loads | Net                               |
+-----------+-----------------+-------------------+------------+-------------+---------------+-------------+----------+----------------+----------+-----------------------------------+
| g0        | BUFG/O          | n/a               | clk_fpga_0 |      10.000 | {0.000 5.000} |        3623 |        0 |              1 |        0 | lab_prefab_i/ps7_0/inst/FCLK_CLK0 |
+-----------+-----------------+-------------------+------------+-------------+---------------+-------------+----------+----------------+----------+-----------------------------------+
* Slice Loads column represents load cell count of all cell types other than IO, GT and clock resources
** IO Loads column represents load cell count of IO types
*** Clocking Loads column represents load cell count that are clock resources (global clock buffer, MMCM, PLL, etc)
**** GT Loads column represents load cell count of GT types


+----+-------+------+-----------------------+
|    | X0    | X1   | HORIZONTAL PROG DELAY |
+----+-------+------+-----------------------+
| Y2 |   369 |    0 |                     0 |
| Y1 |  2655 |  152 |                     0 |
| Y0 |   443 |    5 |                     0 |
+----+-------+------+-----------------------+


7. Device Cell Placement Summary for Global Clock g1
----------------------------------------------------

+-----------+-----------------+-------------------+------------+-------------+---------------+-------------+----------+----------------+----------+-----------------------------------+
| Global Id | Driver Type/Pin | Driver Region (D) | Clock      | Period (ns) | Waveform (ns) | Slice Loads | IO Loads | Clocking Loads | GT Loads | Net                               |
+-----------+-----------------+-------------------+------------+-------------+---------------+-------------+----------+----------------+----------+-----------------------------------+
| g1        | BUFG/O          | n/a               | clk_fpga_1 |       7.000 | {0.000 3.500} |        2982 |        0 |              0 |        0 | lab_prefab_i/ps7_0/inst/FCLK_CLK1 |
+-----------+-----------------+-------------------+------------+-------------+---------------+-------------+----------+----------------+----------+-----------------------------------+
* Slice Loads column represents load cell count of all cell types other than IO, GT and clock resources
** IO Loads column represents load cell count of IO types
*** Clocking Loads column represents load cell count that are clock resources (global clock buffer, MMCM, PLL, etc)
**** GT Loads column represents load cell count of GT types


+----+-------+------+-----------------------+
|    | X0    | X1   | HORIZONTAL PROG DELAY |
+----+-------+------+-----------------------+
| Y2 |   911 |   69 |                     0 |
| Y1 |  1014 |  176 |                     0 |
| Y0 |   762 |   50 |                     0 |
+----+-------+------+-----------------------+


8. Device Cell Placement Summary for Global Clock g2
----------------------------------------------------

+-----------+-----------------+-------------------+---------------------------------+-------------+---------------+-------------+----------+----------------+----------+--------------------------------------+
| Global Id | Driver Type/Pin | Driver Region (D) | Clock                           | Period (ns) | Waveform (ns) | Slice Loads | IO Loads | Clocking Loads | GT Loads | Net                                  |
+-----------+-----------------+-------------------+---------------------------------+-------------+---------------+-------------+----------+----------------+----------+--------------------------------------+
| g2        | BUFG/O          | n/a               | clk_out1_lab_prefab_clk_wiz_0_0 |      13.468 | {0.000 6.734} |         544 |        0 |              1 |        0 | lab_prefab_i/clk_wiz_0/inst/clk_out1 |
+-----------+-----------------+-------------------+---------------------------------+-------------+---------------+-------------+----------+----------------+----------+--------------------------------------+
* Slice Loads column represents load cell count of all cell types other than IO, GT and clock resources
** IO Loads column represents load cell count of IO types
*** Clocking Loads column represents load cell count that are clock resources (global clock buffer, MMCM, PLL, etc)
**** GT Loads column represents load cell count of GT types


+----+----+------+-----------------------+
|    | X0 | X1   | HORIZONTAL PROG DELAY |
+----+----+------+-----------------------+
| Y2 |  0 |  255 |                     0 |
| Y1 |  7 |  283 |                     0 |
| Y0 |  0 |    0 |                     - |
+----+----+------+-----------------------+


9. Device Cell Placement Summary for Global Clock g3
----------------------------------------------------

+-----------+-----------------+-------------------+------------+-------------+---------------+-------------+----------+----------------+----------+-------------------------------------------------------------------------------+
| Global Id | Driver Type/Pin | Driver Region (D) | Clock      | Period (ns) | Waveform (ns) | Slice Loads | IO Loads | Clocking Loads | GT Loads | Net                                                                           |
+-----------+-----------------+-------------------+------------+-------------+---------------+-------------+----------+----------------+----------+-------------------------------------------------------------------------------+
| g3        | BUFR/O          | X1Y2              | PixelClkIO |      13.468 | {0.000 5.387} |           0 |        8 |              0 |        0 | lab_prefab_i/rgb2dvi_0/U0/ClockGenInternal.ClockGenX/GenMMCM.PixelClkBuffer_0 |
+-----------+-----------------+-------------------+------------+-------------+---------------+-------------+----------+----------------+----------+-------------------------------------------------------------------------------+
* Slice Loads column represents load cell count of all cell types other than IO, GT and clock resources
** IO Loads column represents load cell count of IO types
*** Clocking Loads column represents load cell count that are clock resources (global clock buffer, MMCM, PLL, etc)
**** GT Loads column represents load cell count of GT types


+----+----+--------+-----------------------+
|    | X0 | X1     | HORIZONTAL PROG DELAY |
+----+----+--------+-----------------------+
| Y2 |  0 |  (D) 8 |                     0 |
| Y1 |  0 |      0 |                     - |
| Y0 |  0 |      0 |                     - |
+----+----+--------+-----------------------+


10. Device Cell Placement Summary for Global Clock g4
-----------------------------------------------------

+-----------+-----------------+-------------------+---------------------------------+-------------+----------------+-------------+----------+----------------+----------+-----------------------------------------------------------------+
| Global Id | Driver Type/Pin | Driver Region (D) | Clock                           | Period (ns) | Waveform (ns)  | Slice Loads | IO Loads | Clocking Loads | GT Loads | Net                                                             |
+-----------+-----------------+-------------------+---------------------------------+-------------+----------------+-------------+----------+----------------+----------+-----------------------------------------------------------------+
| g4        | BUFG/O          | n/a               | clkfbout_lab_prefab_clk_wiz_0_0 |      40.000 | {0.000 20.000} |           0 |        0 |              1 |        0 | lab_prefab_i/clk_wiz_0/inst/clkfbout_buf_lab_prefab_clk_wiz_0_0 |
+-----------+-----------------+-------------------+---------------------------------+-------------+----------------+-------------+----------+----------------+----------+-----------------------------------------------------------------+
* Slice Loads column represents load cell count of all cell types other than IO, GT and clock resources
** IO Loads column represents load cell count of IO types
*** Clocking Loads column represents load cell count that are clock resources (global clock buffer, MMCM, PLL, etc)
**** GT Loads column represents load cell count of GT types


+----+----+----+-----------------------+
|    | X0 | X1 | HORIZONTAL PROG DELAY |
+----+----+----+-----------------------+
| Y2 |  0 |  0 |                     - |
| Y1 |  0 |  0 |                     - |
| Y0 |  0 |  1 |                     0 |
+----+----+----+-----------------------+


11. Device Cell Placement Summary for Global Clock g5
-----------------------------------------------------

+-----------+-----------------+-------------------+---------+-------------+---------------+-------------+----------+----------------+----------+--------------------------------------------------------------+
| Global Id | Driver Type/Pin | Driver Region (D) | Clock   | Period (ns) | Waveform (ns) | Slice Loads | IO Loads | Clocking Loads | GT Loads | Net                                                          |
+-----------+-----------------+-------------------+---------+-------------+---------------+-------------+----------+----------------+----------+--------------------------------------------------------------+
| g5        | BUFR/O          | X1Y2              | CLKFBIN |      13.468 | {0.000 6.734} |           0 |        0 |              1 |        0 | lab_prefab_i/rgb2dvi_0/U0/ClockGenInternal.ClockGenX/CLKFBIN |
+-----------+-----------------+-------------------+---------+-------------+---------------+-------------+----------+----------------+----------+--------------------------------------------------------------+
* Slice Loads column represents load cell count of all cell types other than IO, GT and clock resources
** IO Loads column represents load cell count of IO types
*** Clocking Loads column represents load cell count that are clock resources (global clock buffer, MMCM, PLL, etc)
**** GT Loads column represents load cell count of GT types


+----+----+--------+-----------------------+
|    | X0 | X1     | HORIZONTAL PROG DELAY |
+----+----+--------+-----------------------+
| Y2 |  0 |  (D) 1 |                     0 |
| Y1 |  0 |      0 |                     - |
| Y0 |  0 |      0 |                     - |
+----+----+--------+-----------------------+


12. Clock Region Cell Placement per Global Clock: Region X0Y0
-------------------------------------------------------------

+-----------+-------+-----------------+------------+-------------+-----------------+-----+-------------+------+-----+----+------+-----+---------+-----------------------------------+
| Global Id | Track | Driver Type/Pin | Constraint | Clock Loads | Non-Clock Loads | FF  | Memory LUTs | RAMB | DSP | GT | MMCM | PLL | Hard IP | Net                               |
+-----------+-------+-----------------+------------+-------------+-----------------+-----+-------------+------+-----+----+------+-----+---------+-----------------------------------+
| g0        | n/a   | BUFG/O          | None       |         443 |               0 | 439 |           1 |    2 |   0 |  0 |    0 |   0 |       0 | lab_prefab_i/ps7_0/inst/FCLK_CLK0 |
| g1        | n/a   | BUFG/O          | None       |         762 |               0 | 727 |          32 |    2 |   0 |  0 |    0 |   0 |       0 | lab_prefab_i/ps7_0/inst/FCLK_CLK1 |
+-----------+-------+-----------------+------------+-------------+-----------------+-----+-------------+------+-----+----+------+-----+---------+-----------------------------------+
* Clock Loads column represents the clock pin loads (pin count). Internal cell leaf pins are not counted
** Non-Clock Loads column represents the non-clock pin loads (pin count)
*** Columns FF, LUTRAM, RAMB through 'Hard IP' represents load cell counts


13. Clock Region Cell Placement per Global Clock: Region X1Y0
-------------------------------------------------------------

+-----------+-------+-----------------+------------+-------------+-----------------+----+-------------+------+-----+----+------+-----+---------+-----------------------------------------------------------------+
| Global Id | Track | Driver Type/Pin | Constraint | Clock Loads | Non-Clock Loads | FF | Memory LUTs | RAMB | DSP | GT | MMCM | PLL | Hard IP | Net                                                             |
+-----------+-------+-----------------+------------+-------------+-----------------+----+-------------+------+-----+----+------+-----+---------+-----------------------------------------------------------------+
| g0        | n/a   | BUFG/O          | None       |           5 |               0 |  4 |           0 |    0 |   0 |  0 |    1 |   0 |       0 | lab_prefab_i/ps7_0/inst/FCLK_CLK0                               |
| g1        | n/a   | BUFG/O          | None       |          50 |               0 | 50 |           0 |    0 |   0 |  0 |    0 |   0 |       0 | lab_prefab_i/ps7_0/inst/FCLK_CLK1                               |
| g4        | n/a   | BUFG/O          | None       |           1 |               0 |  0 |           0 |    0 |   0 |  0 |    1 |   0 |       0 | lab_prefab_i/clk_wiz_0/inst/clkfbout_buf_lab_prefab_clk_wiz_0_0 |
+-----------+-------+-----------------+------------+-------------+-----------------+----+-------------+------+-----+----+------+-----+---------+-----------------------------------------------------------------+
* Clock Loads column represents the clock pin loads (pin count). Internal cell leaf pins are not counted
** Non-Clock Loads column represents the non-clock pin loads (pin count)
*** Columns FF, LUTRAM, RAMB through 'Hard IP' represents load cell counts


14. Clock Region Cell Placement per Global Clock: Region X0Y1
-------------------------------------------------------------

+-----------+-------+-----------------+------------+-------------+-----------------+------+-------------+------+-----+----+------+-----+---------+--------------------------------------+
| Global Id | Track | Driver Type/Pin | Constraint | Clock Loads | Non-Clock Loads | FF   | Memory LUTs | RAMB | DSP | GT | MMCM | PLL | Hard IP | Net                                  |
+-----------+-------+-----------------+------------+-------------+-----------------+------+-------------+------+-----+----+------+-----+---------+--------------------------------------+
| g0        | n/a   | BUFG/O          | None       |        2655 |               0 | 2418 |         237 |    0 |   0 |  0 |    0 |   0 |       0 | lab_prefab_i/ps7_0/inst/FCLK_CLK0    |
| g1        | n/a   | BUFG/O          | None       |        1014 |               0 |  901 |         113 |    0 |   0 |  0 |    0 |   0 |       0 | lab_prefab_i/ps7_0/inst/FCLK_CLK1    |
| g2        | n/a   | BUFG/O          | None       |           7 |               0 |    7 |           0 |    0 |   0 |  0 |    0 |   0 |       0 | lab_prefab_i/clk_wiz_0/inst/clk_out1 |
+-----------+-------+-----------------+------------+-------------+-----------------+------+-------------+------+-----+----+------+-----+---------+--------------------------------------+
* Clock Loads column represents the clock pin loads (pin count). Internal cell leaf pins are not counted
** Non-Clock Loads column represents the non-clock pin loads (pin count)
*** Columns FF, LUTRAM, RAMB through 'Hard IP' represents load cell counts


15. Clock Region Cell Placement per Global Clock: Region X1Y1
-------------------------------------------------------------

+-----------+-------+-----------------+------------+-------------+-----------------+-----+-------------+------+-----+----+------+-----+---------+--------------------------------------+
| Global Id | Track | Driver Type/Pin | Constraint | Clock Loads | Non-Clock Loads | FF  | Memory LUTs | RAMB | DSP | GT | MMCM | PLL | Hard IP | Net                                  |
+-----------+-------+-----------------+------------+-------------+-----------------+-----+-------------+------+-----+----+------+-----+---------+--------------------------------------+
| g0        | n/a   | BUFG/O          | None       |         152 |               0 | 124 |          28 |    0 |   0 |  0 |    0 |   0 |       0 | lab_prefab_i/ps7_0/inst/FCLK_CLK0    |
| g1        | n/a   | BUFG/O          | None       |         176 |               0 | 174 |           0 |    1 |   0 |  0 |    0 |   0 |       0 | lab_prefab_i/ps7_0/inst/FCLK_CLK1    |
| g2        | n/a   | BUFG/O          | None       |         283 |               0 | 281 |           0 |    1 |   0 |  0 |    0 |   0 |       0 | lab_prefab_i/clk_wiz_0/inst/clk_out1 |
+-----------+-------+-----------------+------------+-------------+-----------------+-----+-------------+------+-----+----+------+-----+---------+--------------------------------------+
* Clock Loads column represents the clock pin loads (pin count). Internal cell leaf pins are not counted
** Non-Clock Loads column represents the non-clock pin loads (pin count)
*** Columns FF, LUTRAM, RAMB through 'Hard IP' represents load cell counts


16. Clock Region Cell Placement per Global Clock: Region X0Y2
-------------------------------------------------------------

+-----------+-------+-----------------+------------+-------------+-----------------+-----+-------------+------+-----+----+------+-----+---------+-----------------------------------+
| Global Id | Track | Driver Type/Pin | Constraint | Clock Loads | Non-Clock Loads | FF  | Memory LUTs | RAMB | DSP | GT | MMCM | PLL | Hard IP | Net                               |
+-----------+-------+-----------------+------------+-------------+-----------------+-----+-------------+------+-----+----+------+-----+---------+-----------------------------------+
| g0        | n/a   | BUFG/O          | None       |         369 |               0 | 368 |           0 |    0 |   0 |  0 |    0 |   0 |       0 | lab_prefab_i/ps7_0/inst/FCLK_CLK0 |
| g1        | n/a   | BUFG/O          | None       |         911 |               0 | 869 |          41 |    0 |   0 |  0 |    0 |   0 |       0 | lab_prefab_i/ps7_0/inst/FCLK_CLK1 |
+-----------+-------+-----------------+------------+-------------+-----------------+-----+-------------+------+-----+----+------+-----+---------+-----------------------------------+
* Clock Loads column represents the clock pin loads (pin count). Internal cell leaf pins are not counted
** Non-Clock Loads column represents the non-clock pin loads (pin count)
*** Columns FF, LUTRAM, RAMB through 'Hard IP' represents load cell counts


17. Clock Region Cell Placement per Global Clock: Region X1Y2
-------------------------------------------------------------

+-----------+-------+-----------------+------------+-------------+-----------------+-----+-------------+------+-----+----+------+-----+---------+-------------------------------------------------------------------------------+
| Global Id | Track | Driver Type/Pin | Constraint | Clock Loads | Non-Clock Loads | FF  | Memory LUTs | RAMB | DSP | GT | MMCM | PLL | Hard IP | Net                                                                           |
+-----------+-------+-----------------+------------+-------------+-----------------+-----+-------------+------+-----+----+------+-----+---------+-------------------------------------------------------------------------------+
| g1        | n/a   | BUFG/O          | None       |          69 |               0 |  69 |           0 |    0 |   0 |  0 |    0 |   0 |       0 | lab_prefab_i/ps7_0/inst/FCLK_CLK1                                             |
| g2        | n/a   | BUFG/O          | None       |         255 |               0 | 254 |           0 |    0 |   0 |  0 |    1 |   0 |       0 | lab_prefab_i/clk_wiz_0/inst/clk_out1                                          |
| g3        | n/a   | BUFR/O          | None       |           8 |               0 |   0 |           0 |    0 |   0 |  0 |    0 |   0 |       0 | lab_prefab_i/rgb2dvi_0/U0/ClockGenInternal.ClockGenX/GenMMCM.PixelClkBuffer_0 |
| g5        | n/a   | BUFR/O          | None       |           1 |               0 |   0 |           0 |    0 |   0 |  0 |    1 |   0 |       0 | lab_prefab_i/rgb2dvi_0/U0/ClockGenInternal.ClockGenX/CLKFBIN                  |
+-----------+-------+-----------------+------------+-------------+-----------------+-----+-------------+------+-----+----+------+-----+---------+-------------------------------------------------------------------------------+
* Clock Loads column represents the clock pin loads (pin count). Internal cell leaf pins are not counted
** Non-Clock Loads column represents the non-clock pin loads (pin count)
*** Columns FF, LUTRAM, RAMB through 'Hard IP' represents load cell counts



# Location of BUFG Primitives 
set_property LOC BUFGCTRL_X0Y17 [get_cells lab_prefab_i/ps7_0/inst/buffer_fclk_clk_1.FCLK_CLK_1_BUFG]
set_property LOC BUFGCTRL_X0Y16 [get_cells lab_prefab_i/ps7_0/inst/buffer_fclk_clk_0.FCLK_CLK_0_BUFG]
set_property LOC BUFGCTRL_X0Y1 [get_cells lab_prefab_i/clk_wiz_0/inst/clkf_buf]
set_property LOC BUFGCTRL_X0Y0 [get_cells lab_prefab_i/clk_wiz_0/inst/clkout1_buf]

# Location of BUFIO Primitives 
set_property LOC BUFIO_X1Y9 [get_cells lab_prefab_i/rgb2dvi_0/U0/ClockGenInternal.ClockGenX/GenMMCM.SerialClkBuffer]

# Location of BUFR Primitives 
set_property LOC BUFR_X1Y9 [get_cells lab_prefab_i/rgb2dvi_0/U0/ClockGenInternal.ClockGenX/GenMMCM.PixelClkBuffer]
set_property LOC BUFR_X1Y8 [get_cells lab_prefab_i/rgb2dvi_0/U0/ClockGenInternal.ClockGenX/GenMMCM.Deskew]

# Location of IO Primitives which is load of clock spine

# Location of clock ports

# Clock net "lab_prefab_i/rgb2dvi_0/U0/ClockGenInternal.ClockGenX/GenMMCM.PixelClkBuffer_0" driven by instance "lab_prefab_i/rgb2dvi_0/U0/ClockGenInternal.ClockGenX/GenMMCM.PixelClkBuffer" located at site "BUFR_X1Y9"
#startgroup
create_pblock {CLKAG_lab_prefab_i/rgb2dvi_0/U0/ClockGenInternal.ClockGenX/GenMMCM.PixelClkBuffer_0}
add_cells_to_pblock [get_pblocks  {CLKAG_lab_prefab_i/rgb2dvi_0/U0/ClockGenInternal.ClockGenX/GenMMCM.PixelClkBuffer_0}] [get_cells -filter { PRIMITIVE_GROUP != I/O && IS_PRIMITIVE==1 && PRIMITIVE_LEVEL !=INTERNAL } -of_object [get_pins -filter {DIRECTION==IN} -of_objects [get_nets -hierarchical -filter {PARENT=="lab_prefab_i/rgb2dvi_0/U0/ClockGenInternal.ClockGenX/GenMMCM.PixelClkBuffer_0"}]]]
resize_pblock [get_pblocks {CLKAG_lab_prefab_i/rgb2dvi_0/U0/ClockGenInternal.ClockGenX/GenMMCM.PixelClkBuffer_0}] -add {CLOCKREGION_X1Y2:CLOCKREGION_X1Y2}
#endgroup

# Clock net "lab_prefab_i/ps7_0/inst/FCLK_CLK1" driven by instance "lab_prefab_i/ps7_0/inst/buffer_fclk_clk_1.FCLK_CLK_1_BUFG" located at site "BUFGCTRL_X0Y17"
#startgroup
create_pblock {CLKAG_lab_prefab_i/ps7_0/inst/FCLK_CLK1}
add_cells_to_pblock [get_pblocks  {CLKAG_lab_prefab_i/ps7_0/inst/FCLK_CLK1}] [get_cells -filter { PRIMITIVE_GROUP != I/O && IS_PRIMITIVE==1 && PRIMITIVE_LEVEL !=INTERNAL } -of_object [get_pins -filter {DIRECTION==IN} -of_objects [get_nets -hierarchical -filter {PARENT=="lab_prefab_i/ps7_0/inst/FCLK_CLK1"}]]]
resize_pblock [get_pblocks {CLKAG_lab_prefab_i/ps7_0/inst/FCLK_CLK1}] -add {CLOCKREGION_X0Y0:CLOCKREGION_X0Y0 CLOCKREGION_X0Y1:CLOCKREGION_X0Y1 CLOCKREGION_X0Y2:CLOCKREGION_X0Y2 CLOCKREGION_X1Y0:CLOCKREGION_X1Y0 CLOCKREGION_X1Y1:CLOCKREGION_X1Y1 CLOCKREGION_X1Y2:CLOCKREGION_X1Y2}
#endgroup

# Clock net "lab_prefab_i/ps7_0/inst/FCLK_CLK0" driven by instance "lab_prefab_i/ps7_0/inst/buffer_fclk_clk_0.FCLK_CLK_0_BUFG" located at site "BUFGCTRL_X0Y16"
#startgroup
create_pblock {CLKAG_lab_prefab_i/ps7_0/inst/FCLK_CLK0}
add_cells_to_pblock [get_pblocks  {CLKAG_lab_prefab_i/ps7_0/inst/FCLK_CLK0}] [get_cells -filter { PRIMITIVE_GROUP != I/O && IS_PRIMITIVE==1 && PRIMITIVE_LEVEL !=INTERNAL && NAME!=lab_prefab_i/clk_wiz_0/inst/mmcm_adv_inst} -of_object [get_pins -filter {DIRECTION==IN} -of_objects [get_nets -hierarchical -filter {PARENT=="lab_prefab_i/ps7_0/inst/FCLK_CLK0"}]]]
resize_pblock [get_pblocks {CLKAG_lab_prefab_i/ps7_0/inst/FCLK_CLK0}] -add {CLOCKREGION_X0Y0:CLOCKREGION_X0Y0 CLOCKREGION_X0Y1:CLOCKREGION_X0Y1 CLOCKREGION_X0Y2:CLOCKREGION_X0Y2 CLOCKREGION_X1Y0:CLOCKREGION_X1Y0 CLOCKREGION_X1Y1:CLOCKREGION_X1Y1}
#endgroup

# Clock net "lab_prefab_i/clk_wiz_0/inst/clk_out1" driven by instance "lab_prefab_i/clk_wiz_0/inst/clkout1_buf" located at site "BUFGCTRL_X0Y0"
#startgroup
create_pblock {CLKAG_lab_prefab_i/clk_wiz_0/inst/clk_out1}
add_cells_to_pblock [get_pblocks  {CLKAG_lab_prefab_i/clk_wiz_0/inst/clk_out1}] [get_cells -filter { PRIMITIVE_GROUP != I/O && IS_PRIMITIVE==1 && PRIMITIVE_LEVEL !=INTERNAL && NAME!=lab_prefab_i/rgb2dvi_0/U0/ClockGenInternal.ClockGenX/GenMMCM.DVI_ClkGenerator} -of_object [get_pins -filter {DIRECTION==IN} -of_objects [get_nets -hierarchical -filter {PARENT=="lab_prefab_i/clk_wiz_0/inst/clk_out1"}]]]
resize_pblock [get_pblocks {CLKAG_lab_prefab_i/clk_wiz_0/inst/clk_out1}] -add {CLOCKREGION_X0Y1:CLOCKREGION_X0Y1 CLOCKREGION_X1Y1:CLOCKREGION_X1Y1 CLOCKREGION_X1Y2:CLOCKREGION_X1Y2}
#endgroup
